2026-07-13T16:10:08.354Z  INFO 1 --- [auth-service] [main] c.a.auth_service.AuthServiceApplication  : Starting AuthServiceApplication v0.0.1-SNAPSHOT using Java 21.0.11 with PID 1 (/app.jar started by root in /)
2026-07-13T16:10:08.384Z  INFO 1 --- [auth-service] [main] c.a.auth_service.AuthServiceApplication  : No active profile set, falling back to 1 default profile: "default"
2026-07-13T16:10:22.070Z  INFO 1 --- [auth-service] [main] .s.d.r.c.RepositoryConfigurationDelegate : Bootstrapping Spring Data JPA repositories in DEFAULT mode.
2026-07-13T16:10:22.342Z  INFO 1 --- [auth-service] [main] .s.d.r.c.RepositoryConfigurationDelegate : Finished Spring Data repository scanning in 209 ms. Found 2 JPA repository interfaces.
2026-07-13T16:10:27.884Z  INFO 1 --- [auth-service] [main] o.s.boot.tomcat.TomcatWebServer          : Tomcat initialized with port 8081 (http)
2026-07-13T16:10:27.972Z  INFO 1 --- [auth-service] [main] o.apache.catalina.core.StandardService   : Starting service [Tomcat]
2026-07-13T16:10:27.993Z  INFO 1 --- [auth-service] [main] o.apache.catalina.core.StandardEngine    : Starting Servlet engine: [Apache Tomcat/11.0.21]
2026-07-13T16:10:28.292Z  INFO 1 --- [auth-service] [main] b.w.c.s.WebApplicationContextInitializer : Root WebApplicationContext: initialization completed in 19114 ms
2026-07-13T16:10:29.578Z  INFO 1 --- [auth-service] [main] com.zaxxer.hikari.HikariDataSource       : HikariPool-1 - Starting...
2026-07-13T16:10:31.419Z  WARN 1 --- [auth-service] [main] ConfigServletWebServerApplicationContext : Exception encountered during context initialization - cancelling refresh attempt: org.springframework.beans.factory.BeanCreationException: Error creating bean with name 'entityManagerFactory' defined in class path resource [org/springframework/boot/hibernate/autoconfigure/HibernateJpaConfiguration.class]: Failed to initialize dependency 'liquibase' of LoadTimeWeaverAware bean 'entityManagerFactory': Error creating bean with name 'liquibase' defined in class path resource [org/springframework/boot/liquibase/autoconfigure/LiquibaseAutoConfiguration$LiquibaseConfiguration.class]: liquibase.exception.DatabaseException: com.mysql.cj.jdbc.exceptions.CommunicationsException: Communications link failure

The last packet sent successfully to the server was 0 milliseconds ago. The driver has not received any packets from the server.
2026-07-13T16:10:31.442Z  INFO 1 --- [auth-service] [main] o.apache.catalina.core.StandardService   : Stopping service [Tomcat]
2026-07-13T16:10:31.514Z  INFO 1 --- [auth-service] [main] .s.b.a.l.ConditionEvaluationReportLogger : 

Error starting ApplicationContext. To display the condition evaluation report re-run your application with 'debug' enabled.
2026-07-13T16:10:31.634Z ERROR 1 --- [auth-service] [main] o.s.boot.SpringApplication               : Application run failed

org.springframework.beans.factory.BeanCreationException: Error creating bean with name 'entityManagerFactory' defined in class path resource [org/springframework/boot/hibernate/autoconfigure/HibernateJpaConfiguration.class]: Failed to initialize dependency 'liquibase' of LoadTimeWeaverAware bean 'entityManagerFactory': Error creating bean with name 'liquibase' defined in class path resource [org/springframework/boot/liquibase/autoconfigure/LiquibaseAutoConfiguration$LiquibaseConfiguration.class]: liquibase.exception.DatabaseException: com.mysql.cj.jdbc.exceptions.CommunicationsException: Communications link failure

The last packet sent successfully to the server was 0 milliseconds ago. The driver has not received any packets from the server.
	at org.springframework.beans.factory.support.AbstractBeanFactory.doGetBean(AbstractBeanFactory.java:322) ~[spring-beans-7.0.7.jar!/:7.0.7]
	at org.springframework.beans.factory.support.AbstractBeanFactory.getBean(AbstractBeanFactory.java:201) ~[spring-beans-7.0.7.jar!/:7.0.7]
	at org.springframework.context.support.AbstractApplicationContext.finishBeanFactoryInitialization(AbstractApplicationContext.java:977) ~[spring-context-7.0.7.jar!/:7.0.7]
	at org.springframework.context.support.AbstractApplicationContext.refresh(AbstractApplicationContext.java:621) ~[spring-context-7.0.7.jar!/:7.0.7]
	at org.springframework.boot.web.server.servlet.context.ServletWebServerApplicationContext.refresh(ServletWebServerApplicationContext.java:143) ~[spring-boot-web-server-4.0.6.jar!/:4.0.6]
	at org.springframework.boot.SpringApplication.refresh(SpringApplication.java:756) ~[spring-boot-4.0.6.jar!/:4.0.6]
	at org.springframework.boot.SpringApplication.refreshContext(SpringApplication.java:445) ~[spring-boot-4.0.6.jar!/:4.0.6]
	at org.springframework.boot.SpringApplication.run(SpringApplication.java:321) ~[spring-boot-4.0.6.jar!/:4.0.6]
	at org.springframework.boot.SpringApplication.run(SpringApplication.java:1365) ~[spring-boot-4.0.6.jar!/:4.0.6]
	at org.springframework.boot.SpringApplication.run(SpringApplication.java:1354) ~[spring-boot-4.0.6.jar!/:4.0.6]
	at com.auth_service.auth_service.AuthServiceApplication.main(AuthServiceApplication.java:10) ~[!/:0.0.1-SNAPSHOT]
	at java.base/jdk.internal.reflect.DirectMethodHandleAccessor.invoke(Unknown Source) ~[na:na]
	at java.base/java.lang.reflect.Method.invoke(Unknown Source) ~[na:na]
	at org.springframework.boot.loader.launch.Launcher.launch(Launcher.java:106) ~[app.jar:0.0.1-SNAPSHOT]
	at org.springframework.boot.loader.launch.Launcher.launch(Launcher.java:64) ~[app.jar:0.0.1-SNAPSHOT]
	at org.springframework.boot.loader.launch.JarLauncher.main(JarLauncher.java:40) ~[app.jar:0.0.1-SNAPSHOT]
Caused by: org.springframework.beans.factory.BeanCreationException: Error creating bean with name 'liquibase' defined in class path resource [org/springframework/boot/liquibase/autoconfigure/LiquibaseAutoConfiguration$LiquibaseConfiguration.class]: liquibase.exception.DatabaseException: com.mysql.cj.jdbc.exceptions.CommunicationsException: Communications link failure

The last packet sent successfully to the server was 0 milliseconds ago. The driver has not received any packets from the server.
	at org.springframework.beans.factory.support.AbstractAutowireCapableBeanFactory.initializeBean(AbstractAutowireCapableBeanFactory.java:1817) ~[spring-beans-7.0.7.jar!/:7.0.7]
	at org.springframework.beans.factory.support.AbstractAutowireCapableBeanFactory.doCreateBean(AbstractAutowireCapableBeanFactory.java:603) ~[spring-beans-7.0.7.jar!/:7.0.7]
	at org.springframework.beans.factory.support.AbstractAutowireCapableBeanFactory.createBean(AbstractAutowireCapableBeanFactory.java:525) ~[spring-beans-7.0.7.jar!/:7.0.7]
	at org.springframework.beans.factory.support.AbstractBeanFactory.lambda$doGetBean$0(AbstractBeanFactory.java:333) ~[spring-beans-7.0.7.jar!/:7.0.7]
	at org.springframework.beans.factory.support.DefaultSingletonBeanRegistry.getSingleton(DefaultSingletonBeanRegistry.java:371) ~[spring-beans-7.0.7.jar!/:7.0.7]
	at org.springframework.beans.factory.support.AbstractBeanFactory.doGetBean(AbstractBeanFactory.java:331) ~[spring-beans-7.0.7.jar!/:7.0.7]
	at org.springframework.beans.factory.support.AbstractBeanFactory.getBean(AbstractBeanFactory.java:196) ~[spring-beans-7.0.7.jar!/:7.0.7]
	at org.springframework.beans.factory.support.AbstractBeanFactory.doGetBean(AbstractBeanFactory.java:309) ~[spring-beans-7.0.7.jar!/:7.0.7]
	... 15 common frames omitted
Caused by: liquibase.exception.LiquibaseException: liquibase.exception.DatabaseException: com.mysql.cj.jdbc.exceptions.CommunicationsException: Communications link failure

The last packet sent successfully to the server was 0 milliseconds ago. The driver has not received any packets from the server.
	at liquibase.integration.spring.SpringLiquibase.afterPropertiesSet(SpringLiquibase.java:289) ~[liquibase-core-5.0.2.jar!/:na]
	at org.springframework.beans.factory.support.AbstractAutowireCapableBeanFactory.invokeInitMethods(AbstractAutowireCapableBeanFactory.java:1864) ~[spring-beans-7.0.7.jar!/:7.0.7]
	at org.springframework.beans.factory.support.AbstractAutowireCapableBeanFactory.initializeBean(AbstractAutowireCapableBeanFactory.java:1813) ~[spring-beans-7.0.7.jar!/:7.0.7]
	... 22 common frames omitted
Caused by: liquibase.exception.DatabaseException: com.mysql.cj.jdbc.exceptions.CommunicationsException: Communications link failure

The last packet sent successfully to the server was 0 milliseconds ago. The driver has not received any packets from the server.
	at liquibase.integration.spring.SpringLiquibase.lambda$afterPropertiesSet$0(SpringLiquibase.java:281) ~[liquibase-core-5.0.2.jar!/:na]
	at liquibase.Scope.lambda$child$0(Scope.java:241) ~[liquibase-core-5.0.2.jar!/:na]
	at liquibase.Scope.child(Scope.java:250) ~[liquibase-core-5.0.2.jar!/:na]
	at liquibase.Scope.child(Scope.java:240) ~[liquibase-core-5.0.2.jar!/:na]
	at liquibase.Scope.child(Scope.java:219) ~[liquibase-core-5.0.2.jar!/:na]
	at liquibase.integration.spring.SpringLiquibase.afterPropertiesSet(SpringLiquibase.java:272) ~[liquibase-core-5.0.2.jar!/:na]
	... 24 common frames omitted
Caused by: com.mysql.cj.jdbc.exceptions.CommunicationsException: Communications link failure

The last packet sent successfully to the server was 0 milliseconds ago. The driver has not received any packets from the server.
	at com.mysql.cj.jdbc.exceptions.SQLError.createCommunicationsException(SQLError.java:165) ~[mysql-connector-j-9.7.0.jar!/:9.7.0]
	at com.mysql.cj.jdbc.exceptions.SQLExceptionsMapping.translateException(SQLExceptionsMapping.java:55) ~[mysql-connector-j-9.7.0.jar!/:9.7.0]
	at com.mysql.cj.jdbc.ConnectionImpl.createNewIO(ConnectionImpl.java:840) ~[mysql-connector-j-9.7.0.jar!/:9.7.0]
	at com.mysql.cj.jdbc.ConnectionImpl.<init>(ConnectionImpl.java:416) ~[mysql-connector-j-9.7.0.jar!/:9.7.0]
	at com.mysql.cj.jdbc.ConnectionImpl.getInstance(ConnectionImpl.java:237) ~[mysql-connector-j-9.7.0.jar!/:9.7.0]
	at com.mysql.cj.jdbc.NonRegisteringDriver.connect(NonRegisteringDriver.java:180) ~[mysql-connector-j-9.7.0.jar!/:9.7.0]
	at com.zaxxer.hikari.util.DriverDataSource.getConnection(DriverDataSource.java:144) ~[HikariCP-7.0.2.jar!/:na]
	at com.zaxxer.hikari.pool.PoolBase.newConnection(PoolBase.java:373) ~[HikariCP-7.0.2.jar!/:na]
	at com.zaxxer.hikari.pool.PoolBase.newPoolEntry(PoolBase.java:210) ~[HikariCP-7.0.2.jar!/:na]
	at com.zaxxer.hikari.pool.HikariPool.createPoolEntry(HikariPool.java:488) ~[HikariCP-7.0.2.jar!/:na]
	at com.zaxxer.hikari.pool.HikariPool.checkFailFast(HikariPool.java:576) ~[HikariCP-7.0.2.jar!/:na]
	at com.zaxxer.hikari.pool.HikariPool.<init>(HikariPool.java:97) ~[HikariCP-7.0.2.jar!/:na]
	at com.zaxxer.hikari.HikariDataSource.getConnection(HikariDataSource.java:111) ~[HikariCP-7.0.2.jar!/:na]
	at liquibase.integration.spring.SpringLiquibase.lambda$afterPropertiesSet$0(SpringLiquibase.java:276) ~[liquibase-core-5.0.2.jar!/:na]
	... 29 common frames omitted
Caused by: com.mysql.cj.exceptions.CJCommunicationsException: Communications link failure

The last packet sent successfully to the server was 0 milliseconds ago. The driver has not received any packets from the server.
	at java.base/jdk.internal.reflect.DirectConstructorHandleAccessor.newInstance(Unknown Source) ~[na:na]
	at java.base/java.lang.reflect.Constructor.newInstanceWithCaller(Unknown Source) ~[na:na]
	at java.base/java.lang.reflect.Constructor.newInstance(Unknown Source) ~[na:na]
	at com.mysql.cj.exceptions.ExceptionFactory.createException(ExceptionFactory.java:52) ~[mysql-connector-j-9.7.0.jar!/:9.7.0]
	at com.mysql.cj.exceptions.ExceptionFactory.createException(ExceptionFactory.java:95) ~[mysql-connector-j-9.7.0.jar!/:9.7.0]
	at com.mysql.cj.exceptions.ExceptionFactory.createException(ExceptionFactory.java:140) ~[mysql-connector-j-9.7.0.jar!/:9.7.0]
	at com.mysql.cj.exceptions.ExceptionFactory.createCommunicationsException(ExceptionFactory.java:156) ~[mysql-connector-j-9.7.0.jar!/:9.7.0]
	at com.mysql.cj.protocol.a.NativeSocketConnection.connect(NativeSocketConnection.java:79) ~[mysql-connector-j-9.7.0.jar!/:9.7.0]
	at com.mysql.cj.NativeSession.connect(NativeSession.java:142) ~[mysql-connector-j-9.7.0.jar!/:9.7.0]
	at com.mysql.cj.jdbc.ConnectionImpl.connectOneTryOnly(ConnectionImpl.java:964) ~[mysql-connector-j-9.7.0.jar!/:9.7.0]
	at com.mysql.cj.jdbc.ConnectionImpl.createNewIO(ConnectionImpl.java:828) ~[mysql-connector-j-9.7.0.jar!/:9.7.0]
	... 40 common frames omitted
Caused by: java.net.ConnectException: Connection refused
	at java.base/sun.nio.ch.Net.pollConnect(Native Method) ~[na:na]
	at java.base/sun.nio.ch.Net.pollConnectNow(Unknown Source) ~[na:na]
	at java.base/sun.nio.ch.NioSocketImpl.timedFinishConnect(Unknown Source) ~[na:na]
	at java.base/sun.nio.ch.NioSocketImpl.connect(Unknown Source) ~[na:na]
	at java.base/java.net.SocksSocketImpl.connect(Unknown Source) ~[na:na]
	at java.base/java.net.Socket.connect(Unknown Source) ~[na:na]
	at com.mysql.cj.protocol.StandardSocketFactory.connect(StandardSocketFactory.java:144) ~[mysql-connector-j-9.7.0.jar!/:9.7.0]
	at com.mysql.cj.protocol.a.NativeSocketConnection.connect(NativeSocketConnection.java:53) ~[mysql-connector-j-9.7.0.jar!/:9.7.0]
	... 43 common frames omitted

2026-07-13T16:10:46.918Z  INFO 1 --- [auth-service] [main] c.a.auth_service.AuthServiceApplication  : Starting AuthServiceApplication v0.0.1-SNAPSHOT using Java 21.0.11 with PID 1 (/app.jar started by root in /)
2026-07-13T16:10:46.972Z  INFO 1 --- [auth-service] [main] c.a.auth_service.AuthServiceApplication  : No active profile set, falling back to 1 default profile: "default"
2026-07-13T16:10:58.373Z  INFO 1 --- [auth-service] [main] .s.d.r.c.RepositoryConfigurationDelegate : Bootstrapping Spring Data JPA repositories in DEFAULT mode.
2026-07-13T16:10:58.806Z  INFO 1 --- [auth-service] [main] .s.d.r.c.RepositoryConfigurationDelegate : Finished Spring Data repository scanning in 353 ms. Found 2 JPA repository interfaces.
2026-07-13T16:11:03.605Z  INFO 1 --- [auth-service] [main] o.s.boot.tomcat.TomcatWebServer          : Tomcat initialized with port 8081 (http)
2026-07-13T16:11:03.713Z  INFO 1 --- [auth-service] [main] o.apache.catalina.core.StandardService   : Starting service [Tomcat]
2026-07-13T16:11:03.720Z  INFO 1 --- [auth-service] [main] o.apache.catalina.core.StandardEngine    : Starting Servlet engine: [Apache Tomcat/11.0.21]
2026-07-13T16:11:04.174Z  INFO 1 --- [auth-service] [main] b.w.c.s.WebApplicationContextInitializer : Root WebApplicationContext: initialization completed in 16623 ms
2026-07-13T16:11:05.594Z  INFO 1 --- [auth-service] [main] com.zaxxer.hikari.HikariDataSource       : HikariPool-1 - Starting...
2026-07-13T16:11:07.359Z  WARN 1 --- [auth-service] [main] ConfigServletWebServerApplicationContext : Exception encountered during context initialization - cancelling refresh attempt: org.springframework.beans.factory.BeanCreationException: Error creating bean with name 'entityManagerFactory' defined in class path resource [org/springframework/boot/hibernate/autoconfigure/HibernateJpaConfiguration.class]: Failed to initialize dependency 'liquibase' of LoadTimeWeaverAware bean 'entityManagerFactory': Error creating bean with name 'liquibase' defined in class path resource [org/springframework/boot/liquibase/autoconfigure/LiquibaseAutoConfiguration$LiquibaseConfiguration.class]: liquibase.exception.DatabaseException: com.mysql.cj.jdbc.exceptions.CommunicationsException: Communications link failure

The last packet sent successfully to the server was 0 milliseconds ago. The driver has not received any packets from the server.
2026-07-13T16:11:07.390Z  INFO 1 --- [auth-service] [main] o.apache.catalina.core.StandardService   : Stopping service [Tomcat]
2026-07-13T16:11:07.463Z  INFO 1 --- [auth-service] [main] .s.b.a.l.ConditionEvaluationReportLogger : 

Error starting ApplicationContext. To display the condition evaluation report re-run your application with 'debug' enabled.
2026-07-13T16:11:07.572Z ERROR 1 --- [auth-service] [main] o.s.boot.SpringApplication               : Application run failed

org.springframework.beans.factory.BeanCreationException: Error creating bean with name 'entityManagerFactory' defined in class path resource [org/springframework/boot/hibernate/autoconfigure/HibernateJpaConfiguration.class]: Failed to initialize dependency 'liquibase' of LoadTimeWeaverAware bean 'entityManagerFactory': Error creating bean with name 'liquibase' defined in class path resource [org/springframework/boot/liquibase/autoconfigure/LiquibaseAutoConfiguration$LiquibaseConfiguration.class]: liquibase.exception.DatabaseException: com.mysql.cj.jdbc.exceptions.CommunicationsException: Communications link failure

The last packet sent successfully to the server was 0 milliseconds ago. The driver has not received any packets from the server.
	at org.springframework.beans.factory.support.AbstractBeanFactory.doGetBean(AbstractBeanFactory.java:322) ~[spring-beans-7.0.7.jar!/:7.0.7]
	at org.springframework.beans.factory.support.AbstractBeanFactory.getBean(AbstractBeanFactory.java:201) ~[spring-beans-7.0.7.jar!/:7.0.7]
	at org.springframework.context.support.AbstractApplicationContext.finishBeanFactoryInitialization(AbstractApplicationContext.java:977) ~[spring-context-7.0.7.jar!/:7.0.7]
	at org.springframework.context.support.AbstractApplicationContext.refresh(AbstractApplicationContext.java:621) ~[spring-context-7.0.7.jar!/:7.0.7]
	at org.springframework.boot.web.server.servlet.context.ServletWebServerApplicationContext.refresh(ServletWebServerApplicationContext.java:143) ~[spring-boot-web-server-4.0.6.jar!/:4.0.6]
	at org.springframework.boot.SpringApplication.refresh(SpringApplication.java:756) ~[spring-boot-4.0.6.jar!/:4.0.6]
	at org.springframework.boot.SpringApplication.refreshContext(SpringApplication.java:445) ~[spring-boot-4.0.6.jar!/:4.0.6]
	at org.springframework.boot.SpringApplication.run(SpringApplication.java:321) ~[spring-boot-4.0.6.jar!/:4.0.6]
	at org.springframework.boot.SpringApplication.run(SpringApplication.java:1365) ~[spring-boot-4.0.6.jar!/:4.0.6]
	at org.springframework.boot.SpringApplication.run(SpringApplication.java:1354) ~[spring-boot-4.0.6.jar!/:4.0.6]
	at com.auth_service.auth_service.AuthServiceApplication.main(AuthServiceApplication.java:10) ~[!/:0.0.1-SNAPSHOT]
	at java.base/jdk.internal.reflect.DirectMethodHandleAccessor.invoke(Unknown Source) ~[na:na]
	at java.base/java.lang.reflect.Method.invoke(Unknown Source) ~[na:na]
	at org.springframework.boot.loader.launch.Launcher.launch(Launcher.java:106) ~[app.jar:0.0.1-SNAPSHOT]
	at org.springframework.boot.loader.launch.Launcher.launch(Launcher.java:64) ~[app.jar:0.0.1-SNAPSHOT]
	at org.springframework.boot.loader.launch.JarLauncher.main(JarLauncher.java:40) ~[app.jar:0.0.1-SNAPSHOT]
Caused by: org.springframework.beans.factory.BeanCreationException: Error creating bean with name 'liquibase' defined in class path resource [org/springframework/boot/liquibase/autoconfigure/LiquibaseAutoConfiguration$LiquibaseConfiguration.class]: liquibase.exception.DatabaseException: com.mysql.cj.jdbc.exceptions.CommunicationsException: Communications link failure

The last packet sent successfully to the server was 0 milliseconds ago. The driver has not received any packets from the server.
	at org.springframework.beans.factory.support.AbstractAutowireCapableBeanFactory.initializeBean(AbstractAutowireCapableBeanFactory.java:1817) ~[spring-beans-7.0.7.jar!/:7.0.7]
	at org.springframework.beans.factory.support.AbstractAutowireCapableBeanFactory.doCreateBean(AbstractAutowireCapableBeanFactory.java:603) ~[spring-beans-7.0.7.jar!/:7.0.7]
	at org.springframework.beans.factory.support.AbstractAutowireCapableBeanFactory.createBean(AbstractAutowireCapableBeanFactory.java:525) ~[spring-beans-7.0.7.jar!/:7.0.7]
	at org.springframework.beans.factory.support.AbstractBeanFactory.lambda$doGetBean$0(AbstractBeanFactory.java:333) ~[spring-beans-7.0.7.jar!/:7.0.7]
	at org.springframework.beans.factory.support.DefaultSingletonBeanRegistry.getSingleton(DefaultSingletonBeanRegistry.java:371) ~[spring-beans-7.0.7.jar!/:7.0.7]
	at org.springframework.beans.factory.support.AbstractBeanFactory.doGetBean(AbstractBeanFactory.java:331) ~[spring-beans-7.0.7.jar!/:7.0.7]
	at org.springframework.beans.factory.support.AbstractBeanFactory.getBean(AbstractBeanFactory.java:196) ~[spring-beans-7.0.7.jar!/:7.0.7]
	at org.springframework.beans.factory.support.AbstractBeanFactory.doGetBean(AbstractBeanFactory.java:309) ~[spring-beans-7.0.7.jar!/:7.0.7]
	... 15 common frames omitted
Caused by: liquibase.exception.LiquibaseException: liquibase.exception.DatabaseException: com.mysql.cj.jdbc.exceptions.CommunicationsException: Communications link failure

The last packet sent successfully to the server was 0 milliseconds ago. The driver has not received any packets from the server.
	at liquibase.integration.spring.SpringLiquibase.afterPropertiesSet(SpringLiquibase.java:289) ~[liquibase-core-5.0.2.jar!/:na]
	at org.springframework.beans.factory.support.AbstractAutowireCapableBeanFactory.invokeInitMethods(AbstractAutowireCapableBeanFactory.java:1864) ~[spring-beans-7.0.7.jar!/:7.0.7]
	at org.springframework.beans.factory.support.AbstractAutowireCapableBeanFactory.initializeBean(AbstractAutowireCapableBeanFactory.java:1813) ~[spring-beans-7.0.7.jar!/:7.0.7]
	... 22 common frames omitted
Caused by: liquibase.exception.DatabaseException: com.mysql.cj.jdbc.exceptions.CommunicationsException: Communications link failure

The last packet sent successfully to the server was 0 milliseconds ago. The driver has not received any packets from the server.
	at liquibase.integration.spring.SpringLiquibase.lambda$afterPropertiesSet$0(SpringLiquibase.java:281) ~[liquibase-core-5.0.2.jar!/:na]
	at liquibase.Scope.lambda$child$0(Scope.java:241) ~[liquibase-core-5.0.2.jar!/:na]
	at liquibase.Scope.child(Scope.java:250) ~[liquibase-core-5.0.2.jar!/:na]
	at liquibase.Scope.child(Scope.java:240) ~[liquibase-core-5.0.2.jar!/:na]
	at liquibase.Scope.child(Scope.java:219) ~[liquibase-core-5.0.2.jar!/:na]
	at liquibase.integration.spring.SpringLiquibase.afterPropertiesSet(SpringLiquibase.java:272) ~[liquibase-core-5.0.2.jar!/:na]
	... 24 common frames omitted
Caused by: com.mysql.cj.jdbc.exceptions.CommunicationsException: Communications link failure

The last packet sent successfully to the server was 0 milliseconds ago. The driver has not received any packets from the server.
	at com.mysql.cj.jdbc.exceptions.SQLError.createCommunicationsException(SQLError.java:165) ~[mysql-connector-j-9.7.0.jar!/:9.7.0]
	at com.mysql.cj.jdbc.exceptions.SQLExceptionsMapping.translateException(SQLExceptionsMapping.java:55) ~[mysql-connector-j-9.7.0.jar!/:9.7.0]
	at com.mysql.cj.jdbc.ConnectionImpl.createNewIO(ConnectionImpl.java:840) ~[mysql-connector-j-9.7.0.jar!/:9.7.0]
	at com.mysql.cj.jdbc.ConnectionImpl.<init>(ConnectionImpl.java:416) ~[mysql-connector-j-9.7.0.jar!/:9.7.0]
	at com.mysql.cj.jdbc.ConnectionImpl.getInstance(ConnectionImpl.java:237) ~[mysql-connector-j-9.7.0.jar!/:9.7.0]
	at com.mysql.cj.jdbc.NonRegisteringDriver.connect(NonRegisteringDriver.java:180) ~[mysql-connector-j-9.7.0.jar!/:9.7.0]
	at com.zaxxer.hikari.util.DriverDataSource.getConnection(DriverDataSource.java:144) ~[HikariCP-7.0.2.jar!/:na]
	at com.zaxxer.hikari.pool.PoolBase.newConnection(PoolBase.java:373) ~[HikariCP-7.0.2.jar!/:na]
	at com.zaxxer.hikari.pool.PoolBase.newPoolEntry(PoolBase.java:210) ~[HikariCP-7.0.2.jar!/:na]
	at com.zaxxer.hikari.pool.HikariPool.createPoolEntry(HikariPool.java:488) ~[HikariCP-7.0.2.jar!/:na]
	at com.zaxxer.hikari.pool.HikariPool.checkFailFast(HikariPool.java:576) ~[HikariCP-7.0.2.jar!/:na]
	at com.zaxxer.hikari.pool.HikariPool.<init>(HikariPool.java:97) ~[HikariCP-7.0.2.jar!/:na]
	at com.zaxxer.hikari.HikariDataSource.getConnection(HikariDataSource.java:111) ~[HikariCP-7.0.2.jar!/:na]
	at liquibase.integration.spring.SpringLiquibase.lambda$afterPropertiesSet$0(SpringLiquibase.java:276) ~[liquibase-core-5.0.2.jar!/:na]
	... 29 common frames omitted
Caused by: com.mysql.cj.exceptions.CJCommunicationsException: Communications link failure

The last packet sent successfully to the server was 0 milliseconds ago. The driver has not received any packets from the server.
	at java.base/jdk.internal.reflect.DirectConstructorHandleAccessor.newInstance(Unknown Source) ~[na:na]
	at java.base/java.lang.reflect.Constructor.newInstanceWithCaller(Unknown Source) ~[na:na]
	at java.base/java.lang.reflect.Constructor.newInstance(Unknown Source) ~[na:na]
	at com.mysql.cj.exceptions.ExceptionFactory.createException(ExceptionFactory.java:52) ~[mysql-connector-j-9.7.0.jar!/:9.7.0]
	at com.mysql.cj.exceptions.ExceptionFactory.createException(ExceptionFactory.java:95) ~[mysql-connector-j-9.7.0.jar!/:9.7.0]
	at com.mysql.cj.exceptions.ExceptionFactory.createException(ExceptionFactory.java:140) ~[mysql-connector-j-9.7.0.jar!/:9.7.0]
	at com.mysql.cj.exceptions.ExceptionFactory.createCommunicationsException(ExceptionFactory.java:156) ~[mysql-connector-j-9.7.0.jar!/:9.7.0]
	at com.mysql.cj.protocol.a.NativeSocketConnection.connect(NativeSocketConnection.java:79) ~[mysql-connector-j-9.7.0.jar!/:9.7.0]
	at com.mysql.cj.NativeSession.connect(NativeSession.java:142) ~[mysql-connector-j-9.7.0.jar!/:9.7.0]
	at com.mysql.cj.jdbc.ConnectionImpl.connectOneTryOnly(ConnectionImpl.java:964) ~[mysql-connector-j-9.7.0.jar!/:9.7.0]
	at com.mysql.cj.jdbc.ConnectionImpl.createNewIO(ConnectionImpl.java:828) ~[mysql-connector-j-9.7.0.jar!/:9.7.0]
	... 40 common frames omitted
Caused by: java.net.ConnectException: Connection refused
	at java.base/sun.nio.ch.Net.pollConnect(Native Method) ~[na:na]
	at java.base/sun.nio.ch.Net.pollConnectNow(Unknown Source) ~[na:na]
	at java.base/sun.nio.ch.NioSocketImpl.timedFinishConnect(Unknown Source) ~[na:na]
	at java.base/sun.nio.ch.NioSocketImpl.connect(Unknown Source) ~[na:na]
	at java.base/java.net.SocksSocketImpl.connect(Unknown Source) ~[na:na]
	at java.base/java.net.Socket.connect(Unknown Source) ~[na:na]
	at com.mysql.cj.protocol.StandardSocketFactory.connect(StandardSocketFactory.java:144) ~[mysql-connector-j-9.7.0.jar!/:9.7.0]
	at com.mysql.cj.protocol.a.NativeSocketConnection.connect(NativeSocketConnection.java:53) ~[mysql-connector-j-9.7.0.jar!/:9.7.0]
	... 43 common frames omitted

2026-07-13T16:11:17.953Z  INFO 1 --- [auth-service] [main] c.a.auth_service.AuthServiceApplication  : Starting AuthServiceApplication v0.0.1-SNAPSHOT using Java 21.0.11 with PID 1 (/app.jar started by root in /)
2026-07-13T16:11:18.022Z  INFO 1 --- [auth-service] [main] c.a.auth_service.AuthServiceApplication  : No active profile set, falling back to 1 default profile: "default"
2026-07-13T16:11:29.143Z  INFO 1 --- [auth-service] [main] .s.d.r.c.RepositoryConfigurationDelegate : Bootstrapping Spring Data JPA repositories in DEFAULT mode.
2026-07-13T16:11:29.353Z  INFO 1 --- [auth-service] [main] .s.d.r.c.RepositoryConfigurationDelegate : Finished Spring Data repository scanning in 170 ms. Found 2 JPA repository interfaces.
2026-07-13T16:11:33.398Z  INFO 1 --- [auth-service] [main] o.s.boot.tomcat.TomcatWebServer          : Tomcat initialized with port 8081 (http)
2026-07-13T16:11:33.464Z  INFO 1 --- [auth-service] [main] o.apache.catalina.core.StandardService   : Starting service [Tomcat]
2026-07-13T16:11:33.467Z  INFO 1 --- [auth-service] [main] o.apache.catalina.core.StandardEngine    : Starting Servlet engine: [Apache Tomcat/11.0.21]
2026-07-13T16:11:33.614Z  INFO 1 --- [auth-service] [main] b.w.c.s.WebApplicationContextInitializer : Root WebApplicationContext: initialization completed in 14909 ms
2026-07-13T16:11:34.460Z  INFO 1 --- [auth-service] [main] com.zaxxer.hikari.HikariDataSource       : HikariPool-1 - Starting...
2026-07-13T16:11:36.854Z  INFO 1 --- [auth-service] [main] com.zaxxer.hikari.pool.HikariPool        : HikariPool-1 - Added connection com.mysql.cj.jdbc.ConnectionImpl@305552d6
2026-07-13T16:11:36.866Z  INFO 1 --- [auth-service] [main] com.zaxxer.hikari.HikariDataSource       : HikariPool-1 - Start completed.
2026-07-13T16:11:44.200Z  INFO 1 --- [auth-service] [main] liquibase.changelog                      : Creating database changelog table with name: tienda_auth.DATABASECHANGELOG
2026-07-13T16:11:44.945Z  INFO 1 --- [auth-service] [main] liquibase.changelog                      : Reading from tienda_auth.DATABASECHANGELOG
2026-07-13T16:11:45.048Z  INFO 1 --- [auth-service] [main] liquibase.snapshot                       : Creating snapshot
2026-07-13T16:11:45.767Z  INFO 1 --- [auth-service] [main] liquibase.lockservice                    : Successfully acquired change log lock
2026-07-13T16:11:45.778Z  INFO 1 --- [auth-service] [main] liquibase.command                        : Using deploymentId: 3959094332
2026-07-13T16:11:45.794Z  INFO 1 --- [auth-service] [main] liquibase.changelog                      : Reading from tienda_auth.DATABASECHANGELOG
2026-07-13T16:11:45.986Z  INFO 1 --- [auth-service] [main] liquibase.ui                             : Running Changeset: db/changelog/db.changelog-master.xml::1::joako
2026-07-13T16:11:46.161Z  INFO 1 --- [auth-service] [main] liquibase.changelog                      : Table roles created
2026-07-13T16:11:46.295Z  INFO 1 --- [auth-service] [main] liquibase.changelog                      : Table users created
2026-07-13T16:11:46.635Z  INFO 1 --- [auth-service] [main] liquibase.changelog                      : Foreign key constraint added to users (role_id)
2026-07-13T16:11:46.646Z  INFO 1 --- [auth-service] [main] liquibase.changelog                      : New row inserted into roles
2026-07-13T16:11:46.656Z  INFO 1 --- [auth-service] [main] liquibase.changelog                      : New row inserted into roles
2026-07-13T16:11:46.684Z  INFO 1 --- [auth-service] [main] liquibase.changelog                      : ChangeSet db/changelog/db.changelog-master.xml::1::joako ran successfully in 685ms
2026-07-13T16:11:46.848Z  INFO 1 --- [auth-service] [main] liquibase.ui                             : Running Changeset: db/changelog/db.changelog-master.xml::2::joako
2026-07-13T16:11:46.885Z  INFO 1 --- [auth-service] [main] liquibase.changelog                      : New row inserted into users
2026-07-13T16:11:46.898Z  INFO 1 --- [auth-service] [main] liquibase.changelog                      : New row inserted into users
2026-07-13T16:11:46.923Z  INFO 1 --- [auth-service] [main] liquibase.changelog                      : New row inserted into users
2026-07-13T16:11:46.949Z  INFO 1 --- [auth-service] [main] liquibase.changelog                      : New row inserted into users
2026-07-13T16:11:46.977Z  INFO 1 --- [auth-service] [main] liquibase.changelog                      : New row inserted into users
2026-07-13T16:11:46.993Z  INFO 1 --- [auth-service] [main] liquibase.changelog                      : New row inserted into users
2026-07-13T16:11:47.011Z  INFO 1 --- [auth-service] [main] liquibase.changelog                      : New row inserted into users
2026-07-13T16:11:47.028Z  INFO 1 --- [auth-service] [main] liquibase.changelog                      : New row inserted into users
2026-07-13T16:11:47.040Z  INFO 1 --- [auth-service] [main] liquibase.changelog                      : New row inserted into users
2026-07-13T16:11:47.054Z  INFO 1 --- [auth-service] [main] liquibase.changelog                      : New row inserted into users
2026-07-13T16:11:47.084Z  INFO 1 --- [auth-service] [main] liquibase.changelog                      : ChangeSet db/changelog/db.changelog-master.xml::2::joako ran successfully in 219ms
2026-07-13T16:11:47.162Z  INFO 1 --- [auth-service] [main] liquibase.ui                             : Running Changeset: db/changelog/db.changelog-master.xml::3::joako
2026-07-13T16:11:47.183Z  INFO 1 --- [auth-service] [main] liquibase.changelog                      : Data updated in roles
2026-07-13T16:11:47.198Z  INFO 1 --- [auth-service] [main] liquibase.changelog                      : Data updated in roles
2026-07-13T16:11:47.218Z  INFO 1 --- [auth-service] [main] liquibase.changelog                      : New row inserted into roles
2026-07-13T16:11:47.241Z  INFO 1 --- [auth-service] [main] liquibase.changelog                      : Data updated in users
2026-07-13T16:11:47.275Z  INFO 1 --- [auth-service] [main] liquibase.changelog                      : ChangeSet db/changelog/db.changelog-master.xml::3::joako ran successfully in 109ms
2026-07-13T16:11:47.387Z  INFO 1 --- [auth-service] [main] liquibase.util                           : UPDATE SUMMARY
2026-07-13T16:11:47.393Z  INFO 1 --- [auth-service] [main] liquibase.util                           : Run:                          3
2026-07-13T16:11:47.396Z  INFO 1 --- [auth-service] [main] liquibase.util                           : Previously run:               0
2026-07-13T16:11:47.399Z  INFO 1 --- [auth-service] [main] liquibase.util                           : Filtered out:                 0
2026-07-13T16:11:47.401Z  INFO 1 --- [auth-service] [main] liquibase.util                           : -------------------------------
2026-07-13T16:11:47.405Z  INFO 1 --- [auth-service] [main] liquibase.util                           : Total change sets:            3
2026-07-13T16:11:47.417Z  INFO 1 --- [auth-service] [main] liquibase.util                           : Update summary generated
2026-07-13T16:11:47.453Z  INFO 1 --- [auth-service] [main] liquibase.command                        : Update command completed successfully.
2026-07-13T16:11:47.457Z  INFO 1 --- [auth-service] [main] liquibase.ui                             : Liquibase: Update has been successful. Rows affected: 16
2026-07-13T16:11:47.521Z  INFO 1 --- [auth-service] [main] liquibase.lockservice                    : Successfully released change log lock
2026-07-13T16:11:47.529Z  INFO 1 --- [auth-service] [main] liquibase.command                        : Command execution complete
2026-07-13T16:11:47.930Z  INFO 1 --- [auth-service] [main] org.hibernate.orm.jpa                    : HHH008540: Processing PersistenceUnitInfo [name: default]
2026-07-13T16:11:48.257Z  INFO 1 --- [auth-service] [main] org.hibernate.orm.core                   : HHH000001: Hibernate ORM core version 7.2.12.Final
2026-07-13T16:11:50.593Z  INFO 1 --- [auth-service] [main] o.s.o.j.p.SpringPersistenceUnitInfo      : No LoadTimeWeaver setup: ignoring JPA class transformer
2026-07-13T16:11:50.878Z  INFO 1 --- [auth-service] [main] org.hibernate.orm.connections.pooling    : HHH10001005: Database info:
	Database JDBC URL [jdbc:mysql://mysql:3306/tienda_auth?createDatabaseIfNotExist=true]
	Database driver: MySQL Connector/J
	Database dialect: MySQLDialect
	Database version: 8.4.10
	Default catalog/schema: tienda_auth/undefined
	Autocommit mode: undefined/unknown
	Isolation level: REPEATABLE_READ [default REPEATABLE_READ]
	JDBC fetch size: none
	Pool: DataSourceConnectionProvider
	Minimum pool size: undefined/unknown
	Maximum pool size: undefined/unknown
2026-07-13T16:11:54.510Z  INFO 1 --- [auth-service] [main] org.hibernate.orm.core                   : HHH000489: No JTA platform available (set 'hibernate.transaction.jta.platform' to enable JTA platform integration)
2026-07-13T16:11:54.669Z  INFO 1 --- [auth-service] [main] j.LocalContainerEntityManagerFactoryBean : Initialized JPA EntityManagerFactory for persistence unit 'default'
2026-07-13T16:11:55.011Z  INFO 1 --- [auth-service] [main] o.s.d.j.r.query.QueryEnhancerFactories   : Hibernate is in classpath; If applicable, HQL parser will be used.
2026-07-13T16:11:56.018Z  WARN 1 --- [auth-service] [main] JpaBaseConfiguration$JpaWebConfiguration : spring.jpa.open-in-view is enabled by default. Therefore, database queries may be performed during view rendering. Explicitly configure spring.jpa.open-in-view to disable this warning
2026-07-13T16:11:56.525Z  WARN 1 --- [auth-service] [main] .s.a.UserDetailsServiceAutoConfiguration : 

Using generated security password: ee062e18-57d0-4093-ad90-249cdd2bb4e4

This generated password is for development use only. Your security configuration must be updated before running your application in production.

2026-07-13T16:11:56.570Z  INFO 1 --- [auth-service] [main] r$InitializeUserDetailsManagerConfigurer : Global AuthenticationManager configured with UserDetailsService bean with name inMemoryUserDetailsManager
2026-07-13T16:11:59.265Z  INFO 1 --- [auth-service] [main] o.s.boot.tomcat.TomcatWebServer          : Tomcat started on port 8081 (http) with context path '/'
2026-07-13T16:11:59.300Z  INFO 1 --- [auth-service] [main] c.a.auth_service.AuthServiceApplication  : Started AuthServiceApplication in 46.191 seconds (process running for 50.351)
2026-07-13T17:29:50.355Z  INFO 1 --- [auth-service] [SpringApplicationShutdownHook] o.s.boot.tomcat.GracefulShutdown         : Commencing graceful shutdown. Waiting for active requests to complete
2026-07-13T17:29:50.424Z  INFO 1 --- [auth-service] [tomcat-shutdown] o.s.boot.tomcat.GracefulShutdown         : Graceful shutdown complete
2026-07-13T17:29:50.540Z  INFO 1 --- [auth-service] [SpringApplicationShutdownHook] j.LocalContainerEntityManagerFactoryBean : Closing JPA EntityManagerFactory for persistence unit 'default'
2026-07-13T17:29:50.670Z  INFO 1 --- [auth-service] [SpringApplicationShutdownHook] com.zaxxer.hikari.HikariDataSource       : HikariPool-1 - Shutdown initiated...
2026-07-13T17:29:50.745Z  INFO 1 --- [auth-service] [SpringApplicationShutdownHook] com.zaxxer.hikari.HikariDataSource       : HikariPool-1 - Shutdown completed.
