2026-07-13T16:10:09.861Z  INFO 1 --- [ms-carrito] [main] com.tienda.carrito.CarritoApplication    : Starting CarritoApplication v0.0.1-SNAPSHOT using Java 21.0.11 with PID 1 (/app.jar started by root in /)
2026-07-13T16:10:10.088Z  INFO 1 --- [ms-carrito] [main] com.tienda.carrito.CarritoApplication    : No active profile set, falling back to 1 default profile: "default"
2026-07-13T16:10:27.075Z  INFO 1 --- [ms-carrito] [main] .s.d.r.c.RepositoryConfigurationDelegate : Bootstrapping Spring Data JPA repositories in DEFAULT mode.
2026-07-13T16:10:27.398Z  INFO 1 --- [ms-carrito] [main] .s.d.r.c.RepositoryConfigurationDelegate : Finished Spring Data repository scanning in 241 ms. Found 1 JPA repository interface.
2026-07-13T16:10:29.200Z  INFO 1 --- [ms-carrito] [main] o.s.cloud.context.scope.GenericScope     : BeanFactory id=44cc61ea-9825-3d4c-907b-8e53e7b2fba7
2026-07-13T16:10:32.789Z  INFO 1 --- [ms-carrito] [main] o.s.boot.tomcat.TomcatWebServer          : Tomcat initialized with port 8086 (http)
2026-07-13T16:10:32.842Z  INFO 1 --- [ms-carrito] [main] o.apache.catalina.core.StandardService   : Starting service [Tomcat]
2026-07-13T16:10:32.846Z  INFO 1 --- [ms-carrito] [main] o.apache.catalina.core.StandardEngine    : Starting Servlet engine: [Apache Tomcat/11.0.21]
2026-07-13T16:10:33.015Z  INFO 1 --- [ms-carrito] [main] b.w.c.s.WebApplicationContextInitializer : Root WebApplicationContext: initialization completed in 22510 ms
2026-07-13T16:10:34.269Z  INFO 1 --- [ms-carrito] [main] com.zaxxer.hikari.HikariDataSource       : HikariPool-1 - Starting...
2026-07-13T16:10:36.084Z  WARN 1 --- [ms-carrito] [main] ConfigServletWebServerApplicationContext : Exception encountered during context initialization - cancelling refresh attempt: org.springframework.beans.factory.BeanCreationException: Error creating bean with name 'entityManagerFactory' defined in class path resource [org/springframework/boot/hibernate/autoconfigure/HibernateJpaConfiguration.class]: Failed to initialize dependency 'liquibase' of LoadTimeWeaverAware bean 'entityManagerFactory': Error creating bean with name 'liquibase' defined in class path resource [org/springframework/boot/liquibase/autoconfigure/LiquibaseAutoConfiguration$LiquibaseConfiguration.class]: liquibase.exception.DatabaseException: com.mysql.cj.jdbc.exceptions.CommunicationsException: Communications link failure

The last packet sent successfully to the server was 0 milliseconds ago. The driver has not received any packets from the server.
2026-07-13T16:10:36.095Z  INFO 1 --- [ms-carrito] [main] o.apache.catalina.core.StandardService   : Stopping service [Tomcat]
2026-07-13T16:10:36.173Z  INFO 1 --- [ms-carrito] [main] .s.b.a.l.ConditionEvaluationReportLogger : 

Error starting ApplicationContext. To display the condition evaluation report re-run your application with 'debug' enabled.
2026-07-13T16:10:36.348Z ERROR 1 --- [ms-carrito] [main] o.s.boot.SpringApplication               : Application run failed

org.springframework.beans.factory.BeanCreationException: Error creating bean with name 'entityManagerFactory' defined in class path resource [org/springframework/boot/hibernate/autoconfigure/HibernateJpaConfiguration.class]: Failed to initialize dependency 'liquibase' of LoadTimeWeaverAware bean 'entityManagerFactory': Error creating bean with name 'liquibase' defined in class path resource [org/springframework/boot/liquibase/autoconfigure/LiquibaseAutoConfiguration$LiquibaseConfiguration.class]: liquibase.exception.DatabaseException: com.mysql.cj.jdbc.exceptions.CommunicationsException: Communications link failure

The last packet sent successfully to the server was 0 milliseconds ago. The driver has not received any packets from the server.
	at org.springframework.beans.factory.support.AbstractBeanFactory.doGetBean(AbstractBeanFactory.java:322) ~[spring-beans-7.0.7.jar!/:7.0.7]
	at org.springframework.beans.factory.support.AbstractBeanFactory.getBean(AbstractBeanFactory.java:201) ~[spring-beans-7.0.7.jar!/:7.0.7]
	at org.springframework.context.support.AbstractApplicationContext.finishBeanFactoryInitialization(AbstractApplicationContext.java:977) ~[spring-context-7.0.7.jar!/:7.0.7]
	at org.springframework.context.support.AbstractApplicationContext.refresh(AbstractApplicationContext.java:621) ~[spring-context-7.0.7.jar!/:7.0.7]
	at org.springframework.boot.web.server.servlet.context.ServletWebServerApplicationContext.refresh(ServletWebServerApplicationContext.java:143) ~[spring-boot-web-server-4.0.6.jar!/:4.0.6]
	at org.springframework.boot.SpringApplication.refresh(SpringApplication.java:756) ~[spring-boot-4.0.6.jar!/:4.0.6]
	at org.springframework.boot.SpringApplication.refreshContext(SpringApplication.java:445) ~[spring-boot-4.0.6.jar!/:4.0.6]
	at org.springframework.boot.SpringApplication.run(SpringApplication.java:321) ~[spring-boot-4.0.6.jar!/:4.0.6]
	at org.springframework.boot.SpringApplication.run(SpringApplication.java:1365) ~[spring-boot-4.0.6.jar!/:4.0.6]
	at org.springframework.boot.SpringApplication.run(SpringApplication.java:1354) ~[spring-boot-4.0.6.jar!/:4.0.6]
	at com.tienda.carrito.CarritoApplication.main(CarritoApplication.java:12) ~[!/:0.0.1-SNAPSHOT]
	at java.base/jdk.internal.reflect.DirectMethodHandleAccessor.invoke(Unknown Source) ~[na:na]
	at java.base/java.lang.reflect.Method.invoke(Unknown Source) ~[na:na]
	at org.springframework.boot.loader.launch.Launcher.launch(Launcher.java:106) ~[app.jar:0.0.1-SNAPSHOT]
	at org.springframework.boot.loader.launch.Launcher.launch(Launcher.java:64) ~[app.jar:0.0.1-SNAPSHOT]
	at org.springframework.boot.loader.launch.JarLauncher.main(JarLauncher.java:40) ~[app.jar:0.0.1-SNAPSHOT]
Caused by: org.springframework.beans.factory.BeanCreationException: Error creating bean with name 'liquibase' defined in class path resource [org/springframework/boot/liquibase/autoconfigure/LiquibaseAutoConfiguration$LiquibaseConfiguration.class]: liquibase.exception.DatabaseException: com.mysql.cj.jdbc.exceptions.CommunicationsException: Communications link failure

The last packet sent successfully to the server was 0 milliseconds ago. The driver has not received any packets from the server.
	at org.springframework.beans.factory.support.AbstractAutowireCapableBeanFactory.initializeBean(AbstractAutowireCapableBeanFactory.java:1817) ~[spring-beans-7.0.7.jar!/:7.0.7]
	at org.springframework.beans.factory.support.AbstractAutowireCapableBeanFactory.doCreateBean(AbstractAutowireCapableBeanFactory.java:603) ~[spring-beans-7.0.7.jar!/:7.0.7]
	at org.springframework.beans.factory.support.AbstractAutowireCapableBeanFactory.createBean(AbstractAutowireCapableBeanFactory.java:525) ~[spring-beans-7.0.7.jar!/:7.0.7]
	at org.springframework.beans.factory.support.AbstractBeanFactory.lambda$doGetBean$0(AbstractBeanFactory.java:333) ~[spring-beans-7.0.7.jar!/:7.0.7]
	at org.springframework.beans.factory.support.DefaultSingletonBeanRegistry.getSingleton(DefaultSingletonBeanRegistry.java:371) ~[spring-beans-7.0.7.jar!/:7.0.7]
	at org.springframework.beans.factory.support.AbstractBeanFactory.doGetBean(AbstractBeanFactory.java:331) ~[spring-beans-7.0.7.jar!/:7.0.7]
	at org.springframework.beans.factory.support.AbstractBeanFactory.getBean(AbstractBeanFactory.java:196) ~[spring-beans-7.0.7.jar!/:7.0.7]
	at org.springframework.beans.factory.support.AbstractBeanFactory.doGetBean(AbstractBeanFactory.java:309) ~[spring-beans-7.0.7.jar!/:7.0.7]
	... 15 common frames omitted
Caused by: liquibase.exception.LiquibaseException: liquibase.exception.DatabaseException: com.mysql.cj.jdbc.exceptions.CommunicationsException: Communications link failure

The last packet sent successfully to the server was 0 milliseconds ago. The driver has not received any packets from the server.
	at liquibase.integration.spring.SpringLiquibase.afterPropertiesSet(SpringLiquibase.java:289) ~[liquibase-core-5.0.2.jar!/:na]
	at org.springframework.beans.factory.support.AbstractAutowireCapableBeanFactory.invokeInitMethods(AbstractAutowireCapableBeanFactory.java:1864) ~[spring-beans-7.0.7.jar!/:7.0.7]
	at org.springframework.beans.factory.support.AbstractAutowireCapableBeanFactory.initializeBean(AbstractAutowireCapableBeanFactory.java:1813) ~[spring-beans-7.0.7.jar!/:7.0.7]
	... 22 common frames omitted
Caused by: liquibase.exception.DatabaseException: com.mysql.cj.jdbc.exceptions.CommunicationsException: Communications link failure

The last packet sent successfully to the server was 0 milliseconds ago. The driver has not received any packets from the server.
	at liquibase.integration.spring.SpringLiquibase.lambda$afterPropertiesSet$0(SpringLiquibase.java:281) ~[liquibase-core-5.0.2.jar!/:na]
	at liquibase.Scope.lambda$child$0(Scope.java:241) ~[liquibase-core-5.0.2.jar!/:na]
	at liquibase.Scope.child(Scope.java:250) ~[liquibase-core-5.0.2.jar!/:na]
	at liquibase.Scope.child(Scope.java:240) ~[liquibase-core-5.0.2.jar!/:na]
	at liquibase.Scope.child(Scope.java:219) ~[liquibase-core-5.0.2.jar!/:na]
	at liquibase.integration.spring.SpringLiquibase.afterPropertiesSet(SpringLiquibase.java:272) ~[liquibase-core-5.0.2.jar!/:na]
	... 24 common frames omitted
Caused by: com.mysql.cj.jdbc.exceptions.CommunicationsException: Communications link failure

The last packet sent successfully to the server was 0 milliseconds ago. The driver has not received any packets from the server.
	at com.mysql.cj.jdbc.exceptions.SQLError.createCommunicationsException(SQLError.java:165) ~[mysql-connector-j-9.7.0.jar!/:9.7.0]
	at com.mysql.cj.jdbc.exceptions.SQLExceptionsMapping.translateException(SQLExceptionsMapping.java:55) ~[mysql-connector-j-9.7.0.jar!/:9.7.0]
	at com.mysql.cj.jdbc.ConnectionImpl.createNewIO(ConnectionImpl.java:840) ~[mysql-connector-j-9.7.0.jar!/:9.7.0]
	at com.mysql.cj.jdbc.ConnectionImpl.<init>(ConnectionImpl.java:416) ~[mysql-connector-j-9.7.0.jar!/:9.7.0]
	at com.mysql.cj.jdbc.ConnectionImpl.getInstance(ConnectionImpl.java:237) ~[mysql-connector-j-9.7.0.jar!/:9.7.0]
	at com.mysql.cj.jdbc.NonRegisteringDriver.connect(NonRegisteringDriver.java:180) ~[mysql-connector-j-9.7.0.jar!/:9.7.0]
	at com.zaxxer.hikari.util.DriverDataSource.getConnection(DriverDataSource.java:144) ~[HikariCP-7.0.2.jar!/:na]
	at com.zaxxer.hikari.pool.PoolBase.newConnection(PoolBase.java:373) ~[HikariCP-7.0.2.jar!/:na]
	at com.zaxxer.hikari.pool.PoolBase.newPoolEntry(PoolBase.java:210) ~[HikariCP-7.0.2.jar!/:na]
	at com.zaxxer.hikari.pool.HikariPool.createPoolEntry(HikariPool.java:488) ~[HikariCP-7.0.2.jar!/:na]
	at com.zaxxer.hikari.pool.HikariPool.checkFailFast(HikariPool.java:576) ~[HikariCP-7.0.2.jar!/:na]
	at com.zaxxer.hikari.pool.HikariPool.<init>(HikariPool.java:97) ~[HikariCP-7.0.2.jar!/:na]
	at com.zaxxer.hikari.HikariDataSource.getConnection(HikariDataSource.java:111) ~[HikariCP-7.0.2.jar!/:na]
	at liquibase.integration.spring.SpringLiquibase.lambda$afterPropertiesSet$0(SpringLiquibase.java:276) ~[liquibase-core-5.0.2.jar!/:na]
	... 29 common frames omitted
Caused by: com.mysql.cj.exceptions.CJCommunicationsException: Communications link failure

The last packet sent successfully to the server was 0 milliseconds ago. The driver has not received any packets from the server.
	at java.base/jdk.internal.reflect.DirectConstructorHandleAccessor.newInstance(Unknown Source) ~[na:na]
	at java.base/java.lang.reflect.Constructor.newInstanceWithCaller(Unknown Source) ~[na:na]
	at java.base/java.lang.reflect.Constructor.newInstance(Unknown Source) ~[na:na]
	at com.mysql.cj.exceptions.ExceptionFactory.createException(ExceptionFactory.java:52) ~[mysql-connector-j-9.7.0.jar!/:9.7.0]
	at com.mysql.cj.exceptions.ExceptionFactory.createException(ExceptionFactory.java:95) ~[mysql-connector-j-9.7.0.jar!/:9.7.0]
	at com.mysql.cj.exceptions.ExceptionFactory.createException(ExceptionFactory.java:140) ~[mysql-connector-j-9.7.0.jar!/:9.7.0]
	at com.mysql.cj.exceptions.ExceptionFactory.createCommunicationsException(ExceptionFactory.java:156) ~[mysql-connector-j-9.7.0.jar!/:9.7.0]
	at com.mysql.cj.protocol.a.NativeSocketConnection.connect(NativeSocketConnection.java:79) ~[mysql-connector-j-9.7.0.jar!/:9.7.0]
	at com.mysql.cj.NativeSession.connect(NativeSession.java:142) ~[mysql-connector-j-9.7.0.jar!/:9.7.0]
	at com.mysql.cj.jdbc.ConnectionImpl.connectOneTryOnly(ConnectionImpl.java:964) ~[mysql-connector-j-9.7.0.jar!/:9.7.0]
	at com.mysql.cj.jdbc.ConnectionImpl.createNewIO(ConnectionImpl.java:828) ~[mysql-connector-j-9.7.0.jar!/:9.7.0]
	... 40 common frames omitted
Caused by: java.net.ConnectException: Connection refused
	at java.base/sun.nio.ch.Net.pollConnect(Native Method) ~[na:na]
	at java.base/sun.nio.ch.Net.pollConnectNow(Unknown Source) ~[na:na]
	at java.base/sun.nio.ch.NioSocketImpl.timedFinishConnect(Unknown Source) ~[na:na]
	at java.base/sun.nio.ch.NioSocketImpl.connect(Unknown Source) ~[na:na]
	at java.base/java.net.SocksSocketImpl.connect(Unknown Source) ~[na:na]
	at java.base/java.net.Socket.connect(Unknown Source) ~[na:na]
	at com.mysql.cj.protocol.StandardSocketFactory.connect(StandardSocketFactory.java:144) ~[mysql-connector-j-9.7.0.jar!/:9.7.0]
	at com.mysql.cj.protocol.a.NativeSocketConnection.connect(NativeSocketConnection.java:53) ~[mysql-connector-j-9.7.0.jar!/:9.7.0]
	... 43 common frames omitted

2026-07-13T16:10:52.091Z  INFO 1 --- [ms-carrito] [main] com.tienda.carrito.CarritoApplication    : Starting CarritoApplication v0.0.1-SNAPSHOT using Java 21.0.11 with PID 1 (/app.jar started by root in /)
2026-07-13T16:10:52.177Z  INFO 1 --- [ms-carrito] [main] com.tienda.carrito.CarritoApplication    : No active profile set, falling back to 1 default profile: "default"
2026-07-13T16:11:05.071Z  INFO 1 --- [ms-carrito] [main] .s.d.r.c.RepositoryConfigurationDelegate : Bootstrapping Spring Data JPA repositories in DEFAULT mode.
2026-07-13T16:11:05.561Z  INFO 1 --- [ms-carrito] [main] .s.d.r.c.RepositoryConfigurationDelegate : Finished Spring Data repository scanning in 189 ms. Found 1 JPA repository interface.
2026-07-13T16:11:07.347Z  INFO 1 --- [ms-carrito] [main] o.s.cloud.context.scope.GenericScope     : BeanFactory id=44cc61ea-9825-3d4c-907b-8e53e7b2fba7
2026-07-13T16:11:09.624Z  INFO 1 --- [ms-carrito] [main] o.s.boot.tomcat.TomcatWebServer          : Tomcat initialized with port 8086 (http)
2026-07-13T16:11:09.710Z  INFO 1 --- [ms-carrito] [main] o.apache.catalina.core.StandardService   : Starting service [Tomcat]
2026-07-13T16:11:09.719Z  INFO 1 --- [ms-carrito] [main] o.apache.catalina.core.StandardEngine    : Starting Servlet engine: [Apache Tomcat/11.0.21]
2026-07-13T16:11:09.900Z  INFO 1 --- [ms-carrito] [main] b.w.c.s.WebApplicationContextInitializer : Root WebApplicationContext: initialization completed in 16782 ms
2026-07-13T16:11:10.909Z  INFO 1 --- [ms-carrito] [main] com.zaxxer.hikari.HikariDataSource       : HikariPool-1 - Starting...
2026-07-13T16:11:12.842Z  WARN 1 --- [ms-carrito] [main] ConfigServletWebServerApplicationContext : Exception encountered during context initialization - cancelling refresh attempt: org.springframework.beans.factory.BeanCreationException: Error creating bean with name 'entityManagerFactory' defined in class path resource [org/springframework/boot/hibernate/autoconfigure/HibernateJpaConfiguration.class]: Failed to initialize dependency 'liquibase' of LoadTimeWeaverAware bean 'entityManagerFactory': Error creating bean with name 'liquibase' defined in class path resource [org/springframework/boot/liquibase/autoconfigure/LiquibaseAutoConfiguration$LiquibaseConfiguration.class]: liquibase.exception.DatabaseException: com.mysql.cj.jdbc.exceptions.CommunicationsException: Communications link failure

The last packet sent successfully to the server was 0 milliseconds ago. The driver has not received any packets from the server.
2026-07-13T16:11:12.867Z  INFO 1 --- [ms-carrito] [main] o.apache.catalina.core.StandardService   : Stopping service [Tomcat]
2026-07-13T16:11:12.969Z  INFO 1 --- [ms-carrito] [main] .s.b.a.l.ConditionEvaluationReportLogger : 

Error starting ApplicationContext. To display the condition evaluation report re-run your application with 'debug' enabled.
2026-07-13T16:11:13.307Z ERROR 1 --- [ms-carrito] [main] o.s.boot.SpringApplication               : Application run failed

org.springframework.beans.factory.BeanCreationException: Error creating bean with name 'entityManagerFactory' defined in class path resource [org/springframework/boot/hibernate/autoconfigure/HibernateJpaConfiguration.class]: Failed to initialize dependency 'liquibase' of LoadTimeWeaverAware bean 'entityManagerFactory': Error creating bean with name 'liquibase' defined in class path resource [org/springframework/boot/liquibase/autoconfigure/LiquibaseAutoConfiguration$LiquibaseConfiguration.class]: liquibase.exception.DatabaseException: com.mysql.cj.jdbc.exceptions.CommunicationsException: Communications link failure

The last packet sent successfully to the server was 0 milliseconds ago. The driver has not received any packets from the server.
	at org.springframework.beans.factory.support.AbstractBeanFactory.doGetBean(AbstractBeanFactory.java:322) ~[spring-beans-7.0.7.jar!/:7.0.7]
	at org.springframework.beans.factory.support.AbstractBeanFactory.getBean(AbstractBeanFactory.java:201) ~[spring-beans-7.0.7.jar!/:7.0.7]
	at org.springframework.context.support.AbstractApplicationContext.finishBeanFactoryInitialization(AbstractApplicationContext.java:977) ~[spring-context-7.0.7.jar!/:7.0.7]
	at org.springframework.context.support.AbstractApplicationContext.refresh(AbstractApplicationContext.java:621) ~[spring-context-7.0.7.jar!/:7.0.7]
	at org.springframework.boot.web.server.servlet.context.ServletWebServerApplicationContext.refresh(ServletWebServerApplicationContext.java:143) ~[spring-boot-web-server-4.0.6.jar!/:4.0.6]
	at org.springframework.boot.SpringApplication.refresh(SpringApplication.java:756) ~[spring-boot-4.0.6.jar!/:4.0.6]
	at org.springframework.boot.SpringApplication.refreshContext(SpringApplication.java:445) ~[spring-boot-4.0.6.jar!/:4.0.6]
	at org.springframework.boot.SpringApplication.run(SpringApplication.java:321) ~[spring-boot-4.0.6.jar!/:4.0.6]
	at org.springframework.boot.SpringApplication.run(SpringApplication.java:1365) ~[spring-boot-4.0.6.jar!/:4.0.6]
	at org.springframework.boot.SpringApplication.run(SpringApplication.java:1354) ~[spring-boot-4.0.6.jar!/:4.0.6]
	at com.tienda.carrito.CarritoApplication.main(CarritoApplication.java:12) ~[!/:0.0.1-SNAPSHOT]
	at java.base/jdk.internal.reflect.DirectMethodHandleAccessor.invoke(Unknown Source) ~[na:na]
	at java.base/java.lang.reflect.Method.invoke(Unknown Source) ~[na:na]
	at org.springframework.boot.loader.launch.Launcher.launch(Launcher.java:106) ~[app.jar:0.0.1-SNAPSHOT]
	at org.springframework.boot.loader.launch.Launcher.launch(Launcher.java:64) ~[app.jar:0.0.1-SNAPSHOT]
	at org.springframework.boot.loader.launch.JarLauncher.main(JarLauncher.java:40) ~[app.jar:0.0.1-SNAPSHOT]
Caused by: org.springframework.beans.factory.BeanCreationException: Error creating bean with name 'liquibase' defined in class path resource [org/springframework/boot/liquibase/autoconfigure/LiquibaseAutoConfiguration$LiquibaseConfiguration.class]: liquibase.exception.DatabaseException: com.mysql.cj.jdbc.exceptions.CommunicationsException: Communications link failure

The last packet sent successfully to the server was 0 milliseconds ago. The driver has not received any packets from the server.
	at org.springframework.beans.factory.support.AbstractAutowireCapableBeanFactory.initializeBean(AbstractAutowireCapableBeanFactory.java:1817) ~[spring-beans-7.0.7.jar!/:7.0.7]
	at org.springframework.beans.factory.support.AbstractAutowireCapableBeanFactory.doCreateBean(AbstractAutowireCapableBeanFactory.java:603) ~[spring-beans-7.0.7.jar!/:7.0.7]
	at org.springframework.beans.factory.support.AbstractAutowireCapableBeanFactory.createBean(AbstractAutowireCapableBeanFactory.java:525) ~[spring-beans-7.0.7.jar!/:7.0.7]
	at org.springframework.beans.factory.support.AbstractBeanFactory.lambda$doGetBean$0(AbstractBeanFactory.java:333) ~[spring-beans-7.0.7.jar!/:7.0.7]
	at org.springframework.beans.factory.support.DefaultSingletonBeanRegistry.getSingleton(DefaultSingletonBeanRegistry.java:371) ~[spring-beans-7.0.7.jar!/:7.0.7]
	at org.springframework.beans.factory.support.AbstractBeanFactory.doGetBean(AbstractBeanFactory.java:331) ~[spring-beans-7.0.7.jar!/:7.0.7]
	at org.springframework.beans.factory.support.AbstractBeanFactory.getBean(AbstractBeanFactory.java:196) ~[spring-beans-7.0.7.jar!/:7.0.7]
	at org.springframework.beans.factory.support.AbstractBeanFactory.doGetBean(AbstractBeanFactory.java:309) ~[spring-beans-7.0.7.jar!/:7.0.7]
	... 15 common frames omitted
Caused by: liquibase.exception.LiquibaseException: liquibase.exception.DatabaseException: com.mysql.cj.jdbc.exceptions.CommunicationsException: Communications link failure

The last packet sent successfully to the server was 0 milliseconds ago. The driver has not received any packets from the server.
	at liquibase.integration.spring.SpringLiquibase.afterPropertiesSet(SpringLiquibase.java:289) ~[liquibase-core-5.0.2.jar!/:na]
	at org.springframework.beans.factory.support.AbstractAutowireCapableBeanFactory.invokeInitMethods(AbstractAutowireCapableBeanFactory.java:1864) ~[spring-beans-7.0.7.jar!/:7.0.7]
	at org.springframework.beans.factory.support.AbstractAutowireCapableBeanFactory.initializeBean(AbstractAutowireCapableBeanFactory.java:1813) ~[spring-beans-7.0.7.jar!/:7.0.7]
	... 22 common frames omitted
Caused by: liquibase.exception.DatabaseException: com.mysql.cj.jdbc.exceptions.CommunicationsException: Communications link failure

The last packet sent successfully to the server was 0 milliseconds ago. The driver has not received any packets from the server.
	at liquibase.integration.spring.SpringLiquibase.lambda$afterPropertiesSet$0(SpringLiquibase.java:281) ~[liquibase-core-5.0.2.jar!/:na]
	at liquibase.Scope.lambda$child$0(Scope.java:241) ~[liquibase-core-5.0.2.jar!/:na]
	at liquibase.Scope.child(Scope.java:250) ~[liquibase-core-5.0.2.jar!/:na]
	at liquibase.Scope.child(Scope.java:240) ~[liquibase-core-5.0.2.jar!/:na]
	at liquibase.Scope.child(Scope.java:219) ~[liquibase-core-5.0.2.jar!/:na]
	at liquibase.integration.spring.SpringLiquibase.afterPropertiesSet(SpringLiquibase.java:272) ~[liquibase-core-5.0.2.jar!/:na]
	... 24 common frames omitted
Caused by: com.mysql.cj.jdbc.exceptions.CommunicationsException: Communications link failure

The last packet sent successfully to the server was 0 milliseconds ago. The driver has not received any packets from the server.
	at com.mysql.cj.jdbc.exceptions.SQLError.createCommunicationsException(SQLError.java:165) ~[mysql-connector-j-9.7.0.jar!/:9.7.0]
	at com.mysql.cj.jdbc.exceptions.SQLExceptionsMapping.translateException(SQLExceptionsMapping.java:55) ~[mysql-connector-j-9.7.0.jar!/:9.7.0]
	at com.mysql.cj.jdbc.ConnectionImpl.createNewIO(ConnectionImpl.java:840) ~[mysql-connector-j-9.7.0.jar!/:9.7.0]
	at com.mysql.cj.jdbc.ConnectionImpl.<init>(ConnectionImpl.java:416) ~[mysql-connector-j-9.7.0.jar!/:9.7.0]
	at com.mysql.cj.jdbc.ConnectionImpl.getInstance(ConnectionImpl.java:237) ~[mysql-connector-j-9.7.0.jar!/:9.7.0]
	at com.mysql.cj.jdbc.NonRegisteringDriver.connect(NonRegisteringDriver.java:180) ~[mysql-connector-j-9.7.0.jar!/:9.7.0]
	at com.zaxxer.hikari.util.DriverDataSource.getConnection(DriverDataSource.java:144) ~[HikariCP-7.0.2.jar!/:na]
	at com.zaxxer.hikari.pool.PoolBase.newConnection(PoolBase.java:373) ~[HikariCP-7.0.2.jar!/:na]
	at com.zaxxer.hikari.pool.PoolBase.newPoolEntry(PoolBase.java:210) ~[HikariCP-7.0.2.jar!/:na]
	at com.zaxxer.hikari.pool.HikariPool.createPoolEntry(HikariPool.java:488) ~[HikariCP-7.0.2.jar!/:na]
	at com.zaxxer.hikari.pool.HikariPool.checkFailFast(HikariPool.java:576) ~[HikariCP-7.0.2.jar!/:na]
	at com.zaxxer.hikari.pool.HikariPool.<init>(HikariPool.java:97) ~[HikariCP-7.0.2.jar!/:na]
	at com.zaxxer.hikari.HikariDataSource.getConnection(HikariDataSource.java:111) ~[HikariCP-7.0.2.jar!/:na]
	at liquibase.integration.spring.SpringLiquibase.lambda$afterPropertiesSet$0(SpringLiquibase.java:276) ~[liquibase-core-5.0.2.jar!/:na]
	... 29 common frames omitted
Caused by: com.mysql.cj.exceptions.CJCommunicationsException: Communications link failure

The last packet sent successfully to the server was 0 milliseconds ago. The driver has not received any packets from the server.
	at java.base/jdk.internal.reflect.DirectConstructorHandleAccessor.newInstance(Unknown Source) ~[na:na]
	at java.base/java.lang.reflect.Constructor.newInstanceWithCaller(Unknown Source) ~[na:na]
	at java.base/java.lang.reflect.Constructor.newInstance(Unknown Source) ~[na:na]
	at com.mysql.cj.exceptions.ExceptionFactory.createException(ExceptionFactory.java:52) ~[mysql-connector-j-9.7.0.jar!/:9.7.0]
	at com.mysql.cj.exceptions.ExceptionFactory.createException(ExceptionFactory.java:95) ~[mysql-connector-j-9.7.0.jar!/:9.7.0]
	at com.mysql.cj.exceptions.ExceptionFactory.createException(ExceptionFactory.java:140) ~[mysql-connector-j-9.7.0.jar!/:9.7.0]
	at com.mysql.cj.exceptions.ExceptionFactory.createCommunicationsException(ExceptionFactory.java:156) ~[mysql-connector-j-9.7.0.jar!/:9.7.0]
	at com.mysql.cj.protocol.a.NativeSocketConnection.connect(NativeSocketConnection.java:79) ~[mysql-connector-j-9.7.0.jar!/:9.7.0]
	at com.mysql.cj.NativeSession.connect(NativeSession.java:142) ~[mysql-connector-j-9.7.0.jar!/:9.7.0]
	at com.mysql.cj.jdbc.ConnectionImpl.connectOneTryOnly(ConnectionImpl.java:964) ~[mysql-connector-j-9.7.0.jar!/:9.7.0]
	at com.mysql.cj.jdbc.ConnectionImpl.createNewIO(ConnectionImpl.java:828) ~[mysql-connector-j-9.7.0.jar!/:9.7.0]
	... 40 common frames omitted
Caused by: java.net.ConnectException: Connection refused
	at java.base/sun.nio.ch.Net.pollConnect(Native Method) ~[na:na]
	at java.base/sun.nio.ch.Net.pollConnectNow(Unknown Source) ~[na:na]
	at java.base/sun.nio.ch.NioSocketImpl.timedFinishConnect(Unknown Source) ~[na:na]
	at java.base/sun.nio.ch.NioSocketImpl.connect(Unknown Source) ~[na:na]
	at java.base/java.net.SocksSocketImpl.connect(Unknown Source) ~[na:na]
	at java.base/java.net.Socket.connect(Unknown Source) ~[na:na]
	at com.mysql.cj.protocol.StandardSocketFactory.connect(StandardSocketFactory.java:144) ~[mysql-connector-j-9.7.0.jar!/:9.7.0]
	at com.mysql.cj.protocol.a.NativeSocketConnection.connect(NativeSocketConnection.java:53) ~[mysql-connector-j-9.7.0.jar!/:9.7.0]
	... 43 common frames omitted

2026-07-13T16:11:23.886Z  INFO 1 --- [ms-carrito] [main] com.tienda.carrito.CarritoApplication    : Starting CarritoApplication v0.0.1-SNAPSHOT using Java 21.0.11 with PID 1 (/app.jar started by root in /)
2026-07-13T16:11:23.965Z  INFO 1 --- [ms-carrito] [main] com.tienda.carrito.CarritoApplication    : No active profile set, falling back to 1 default profile: "default"
2026-07-13T16:11:32.558Z  INFO 1 --- [ms-carrito] [main] .s.d.r.c.RepositoryConfigurationDelegate : Bootstrapping Spring Data JPA repositories in DEFAULT mode.
2026-07-13T16:11:32.891Z  INFO 1 --- [ms-carrito] [main] .s.d.r.c.RepositoryConfigurationDelegate : Finished Spring Data repository scanning in 250 ms. Found 1 JPA repository interface.
2026-07-13T16:11:34.261Z  INFO 1 --- [ms-carrito] [main] o.s.cloud.context.scope.GenericScope     : BeanFactory id=44cc61ea-9825-3d4c-907b-8e53e7b2fba7
2026-07-13T16:11:36.798Z  INFO 1 --- [ms-carrito] [main] o.s.boot.tomcat.TomcatWebServer          : Tomcat initialized with port 8086 (http)
2026-07-13T16:11:36.931Z  INFO 1 --- [ms-carrito] [main] o.apache.catalina.core.StandardService   : Starting service [Tomcat]
2026-07-13T16:11:37.088Z  INFO 1 --- [ms-carrito] [main] o.apache.catalina.core.StandardEngine    : Starting Servlet engine: [Apache Tomcat/11.0.21]
2026-07-13T16:11:37.320Z  INFO 1 --- [ms-carrito] [main] b.w.c.s.WebApplicationContextInitializer : Root WebApplicationContext: initialization completed in 11758 ms
2026-07-13T16:11:38.458Z  INFO 1 --- [ms-carrito] [main] com.zaxxer.hikari.HikariDataSource       : HikariPool-1 - Starting...
2026-07-13T16:11:41.795Z  INFO 1 --- [ms-carrito] [main] com.zaxxer.hikari.pool.HikariPool        : HikariPool-1 - Added connection com.mysql.cj.jdbc.ConnectionImpl@56d822dc
2026-07-13T16:11:41.802Z  INFO 1 --- [ms-carrito] [main] com.zaxxer.hikari.HikariDataSource       : HikariPool-1 - Start completed.
2026-07-13T16:11:46.546Z  INFO 1 --- [ms-carrito] [main] liquibase.changelog                      : Creating database changelog table with name: tienda_carrito.DATABASECHANGELOG
2026-07-13T16:11:47.293Z  INFO 1 --- [ms-carrito] [main] liquibase.changelog                      : Reading from tienda_carrito.DATABASECHANGELOG
2026-07-13T16:11:47.361Z  INFO 1 --- [ms-carrito] [main] liquibase.snapshot                       : Creating snapshot
2026-07-13T16:11:48.012Z  INFO 1 --- [ms-carrito] [main] liquibase.lockservice                    : Successfully acquired change log lock
2026-07-13T16:11:48.021Z  INFO 1 --- [ms-carrito] [main] liquibase.command                        : Using deploymentId: 3959098400
2026-07-13T16:11:48.030Z  INFO 1 --- [ms-carrito] [main] liquibase.changelog                      : Reading from tienda_carrito.DATABASECHANGELOG
2026-07-13T16:11:48.165Z  INFO 1 --- [ms-carrito] [main] liquibase.ui                             : Running Changeset: db/changelog/db.changelog-master.xml::1::joako
2026-07-13T16:11:48.316Z  INFO 1 --- [ms-carrito] [main] liquibase.changelog                      : Table carrito_items created
2026-07-13T16:11:48.326Z  INFO 1 --- [ms-carrito] [main] liquibase.changelog                      : ChangeSet db/changelog/db.changelog-master.xml::1::joako ran successfully in 149ms
2026-07-13T16:11:48.456Z  INFO 1 --- [ms-carrito] [main] liquibase.ui                             : Running Changeset: db/changelog/db.changelog-master.xml::2::joako
2026-07-13T16:11:48.472Z  INFO 1 --- [ms-carrito] [main] liquibase.changelog                      : New row inserted into carrito_items
2026-07-13T16:11:48.488Z  INFO 1 --- [ms-carrito] [main] liquibase.changelog                      : New row inserted into carrito_items
2026-07-13T16:11:48.503Z  INFO 1 --- [ms-carrito] [main] liquibase.changelog                      : New row inserted into carrito_items
2026-07-13T16:11:48.514Z  INFO 1 --- [ms-carrito] [main] liquibase.changelog                      : New row inserted into carrito_items
2026-07-13T16:11:48.544Z  INFO 1 --- [ms-carrito] [main] liquibase.changelog                      : New row inserted into carrito_items
2026-07-13T16:11:48.559Z  INFO 1 --- [ms-carrito] [main] liquibase.changelog                      : New row inserted into carrito_items
2026-07-13T16:11:48.577Z  INFO 1 --- [ms-carrito] [main] liquibase.changelog                      : New row inserted into carrito_items
2026-07-13T16:11:48.589Z  INFO 1 --- [ms-carrito] [main] liquibase.changelog                      : New row inserted into carrito_items
2026-07-13T16:11:48.607Z  INFO 1 --- [ms-carrito] [main] liquibase.changelog                      : New row inserted into carrito_items
2026-07-13T16:11:48.620Z  INFO 1 --- [ms-carrito] [main] liquibase.changelog                      : New row inserted into carrito_items
2026-07-13T16:11:48.651Z  INFO 1 --- [ms-carrito] [main] liquibase.changelog                      : ChangeSet db/changelog/db.changelog-master.xml::2::joako ran successfully in 191ms
2026-07-13T16:11:48.723Z  INFO 1 --- [ms-carrito] [main] liquibase.util                           : UPDATE SUMMARY
2026-07-13T16:11:48.726Z  INFO 1 --- [ms-carrito] [main] liquibase.util                           : Run:                          2
2026-07-13T16:11:48.729Z  INFO 1 --- [ms-carrito] [main] liquibase.util                           : Previously run:               0
2026-07-13T16:11:48.732Z  INFO 1 --- [ms-carrito] [main] liquibase.util                           : Filtered out:                 0
2026-07-13T16:11:48.736Z  INFO 1 --- [ms-carrito] [main] liquibase.util                           : -------------------------------
2026-07-13T16:11:48.743Z  INFO 1 --- [ms-carrito] [main] liquibase.util                           : Total change sets:            2
2026-07-13T16:11:48.750Z  INFO 1 --- [ms-carrito] [main] liquibase.util                           : Update summary generated
2026-07-13T16:11:48.769Z  INFO 1 --- [ms-carrito] [main] liquibase.command                        : Update command completed successfully.
2026-07-13T16:11:48.772Z  INFO 1 --- [ms-carrito] [main] liquibase.ui                             : Liquibase: Update has been successful. Rows affected: 10
2026-07-13T16:11:48.841Z  INFO 1 --- [ms-carrito] [main] liquibase.lockservice                    : Successfully released change log lock
2026-07-13T16:11:48.848Z  INFO 1 --- [ms-carrito] [main] liquibase.command                        : Command execution complete
2026-07-13T16:11:49.261Z  INFO 1 --- [ms-carrito] [main] org.hibernate.orm.jpa                    : HHH008540: Processing PersistenceUnitInfo [name: default]
2026-07-13T16:11:49.496Z  INFO 1 --- [ms-carrito] [main] org.hibernate.orm.core                   : HHH000001: Hibernate ORM core version 7.2.12.Final
2026-07-13T16:11:51.555Z  INFO 1 --- [ms-carrito] [main] o.s.o.j.p.SpringPersistenceUnitInfo      : No LoadTimeWeaver setup: ignoring JPA class transformer
2026-07-13T16:11:51.897Z  INFO 1 --- [ms-carrito] [main] org.hibernate.orm.connections.pooling    : HHH10001005: Database info:
	Database JDBC URL [jdbc:mysql://mysql:3306/tienda_carrito?createDatabaseIfNotExist=true]
	Database driver: MySQL Connector/J
	Database dialect: MySQLDialect
	Database version: 8.4.10
	Default catalog/schema: tienda_carrito/undefined
	Autocommit mode: undefined/unknown
	Isolation level: REPEATABLE_READ [default REPEATABLE_READ]
	JDBC fetch size: none
	Pool: DataSourceConnectionProvider
	Minimum pool size: undefined/unknown
	Maximum pool size: undefined/unknown
2026-07-13T16:11:55.383Z  INFO 1 --- [ms-carrito] [main] org.hibernate.orm.core                   : HHH000489: No JTA platform available (set 'hibernate.transaction.jta.platform' to enable JTA platform integration)
2026-07-13T16:11:55.547Z  INFO 1 --- [ms-carrito] [main] j.LocalContainerEntityManagerFactoryBean : Initialized JPA EntityManagerFactory for persistence unit 'default'
2026-07-13T16:11:55.970Z  INFO 1 --- [ms-carrito] [main] o.s.d.j.r.query.QueryEnhancerFactories   : Hibernate is in classpath; If applicable, HQL parser will be used.
2026-07-13T16:11:57.601Z  WARN 1 --- [ms-carrito] [main] JpaBaseConfiguration$JpaWebConfiguration : spring.jpa.open-in-view is enabled by default. Therefore, database queries may be performed during view rendering. Explicitly configure spring.jpa.open-in-view to disable this warning
2026-07-13T16:11:58.213Z  WARN 1 --- [ms-carrito] [main] .s.a.UserDetailsServiceAutoConfiguration : 

Using generated security password: 0bec96de-1d4d-4e98-80e6-51c4bba1f08a

This generated password is for development use only. Your security configuration must be updated before running your application in production.

2026-07-13T16:11:58.282Z  INFO 1 --- [ms-carrito] [main] r$InitializeUserDetailsManagerConfigurer : Global AuthenticationManager configured with UserDetailsService bean with name inMemoryUserDetailsManager
2026-07-13T16:12:01.031Z  INFO 1 --- [ms-carrito] [main] o.s.boot.tomcat.TomcatWebServer          : Tomcat started on port 8086 (http) with context path '/'
2026-07-13T16:12:01.094Z  INFO 1 --- [ms-carrito] [main] com.tienda.carrito.CarritoApplication    : Started CarritoApplication in 41.155 seconds (process running for 45.55)
2026-07-13T17:29:50.412Z  INFO 1 --- [ms-carrito] [SpringApplicationShutdownHook] o.s.boot.tomcat.GracefulShutdown         : Commencing graceful shutdown. Waiting for active requests to complete
2026-07-13T17:29:50.456Z  INFO 1 --- [ms-carrito] [tomcat-shutdown] o.s.boot.tomcat.GracefulShutdown         : Graceful shutdown complete
2026-07-13T17:29:50.494Z  INFO 1 --- [ms-carrito] [SpringApplicationShutdownHook] j.LocalContainerEntityManagerFactoryBean : Closing JPA EntityManagerFactory for persistence unit 'default'
2026-07-13T17:29:50.548Z  INFO 1 --- [ms-carrito] [SpringApplicationShutdownHook] com.zaxxer.hikari.HikariDataSource       : HikariPool-1 - Shutdown initiated...
2026-07-13T17:29:50.649Z  INFO 1 --- [ms-carrito] [SpringApplicationShutdownHook] com.zaxxer.hikari.HikariDataSource       : HikariPool-1 - Shutdown completed.
