2026-07-13T16:10:08.754Z  INFO 1 --- [ms-pedido] [main] com.tienda.pedido.PedidoApplication      : Starting PedidoApplication v0.0.1-SNAPSHOT using Java 21.0.11 with PID 1 (/app.jar started by root in /)
2026-07-13T16:10:08.813Z  INFO 1 --- [ms-pedido] [main] com.tienda.pedido.PedidoApplication      : No active profile set, falling back to 1 default profile: "default"
2026-07-13T16:10:25.277Z  INFO 1 --- [ms-pedido] [main] .s.d.r.c.RepositoryConfigurationDelegate : Bootstrapping Spring Data JPA repositories in DEFAULT mode.
2026-07-13T16:10:25.454Z  INFO 1 --- [ms-pedido] [main] .s.d.r.c.RepositoryConfigurationDelegate : Finished Spring Data repository scanning in 128 ms. Found 1 JPA repository interface.
2026-07-13T16:10:28.300Z  INFO 1 --- [ms-pedido] [main] o.s.cloud.context.scope.GenericScope     : BeanFactory id=e4260647-249d-314d-800d-0a3811eb12d5
2026-07-13T16:10:31.244Z  INFO 1 --- [ms-pedido] [main] o.s.boot.tomcat.TomcatWebServer          : Tomcat initialized with port 8085 (http)
2026-07-13T16:10:31.296Z  INFO 1 --- [ms-pedido] [main] o.apache.catalina.core.StandardService   : Starting service [Tomcat]
2026-07-13T16:10:31.313Z  INFO 1 --- [ms-pedido] [main] o.apache.catalina.core.StandardEngine    : Starting Servlet engine: [Apache Tomcat/11.0.21]
2026-07-13T16:10:31.441Z  INFO 1 --- [ms-pedido] [main] b.w.c.s.WebApplicationContextInitializer : Root WebApplicationContext: initialization completed in 22032 ms
2026-07-13T16:10:32.496Z  INFO 1 --- [ms-pedido] [main] com.zaxxer.hikari.HikariDataSource       : HikariPool-1 - Starting...
2026-07-13T16:10:34.130Z  WARN 1 --- [ms-pedido] [main] ConfigServletWebServerApplicationContext : Exception encountered during context initialization - cancelling refresh attempt: org.springframework.beans.factory.BeanCreationException: Error creating bean with name 'entityManagerFactory' defined in class path resource [org/springframework/boot/hibernate/autoconfigure/HibernateJpaConfiguration.class]: Failed to initialize dependency 'liquibase' of LoadTimeWeaverAware bean 'entityManagerFactory': Error creating bean with name 'liquibase' defined in class path resource [org/springframework/boot/liquibase/autoconfigure/LiquibaseAutoConfiguration$LiquibaseConfiguration.class]: liquibase.exception.DatabaseException: com.mysql.cj.jdbc.exceptions.CommunicationsException: Communications link failure

The last packet sent successfully to the server was 0 milliseconds ago. The driver has not received any packets from the server.
2026-07-13T16:10:34.152Z  INFO 1 --- [ms-pedido] [main] o.apache.catalina.core.StandardService   : Stopping service [Tomcat]
2026-07-13T16:10:34.252Z  INFO 1 --- [ms-pedido] [main] .s.b.a.l.ConditionEvaluationReportLogger : 

Error starting ApplicationContext. To display the condition evaluation report re-run your application with 'debug' enabled.
2026-07-13T16:10:34.335Z ERROR 1 --- [ms-pedido] [main] o.s.boot.SpringApplication               : Application run failed

org.springframework.beans.factory.BeanCreationException: Error creating bean with name 'entityManagerFactory' defined in class path resource [org/springframework/boot/hibernate/autoconfigure/HibernateJpaConfiguration.class]: Failed to initialize dependency 'liquibase' of LoadTimeWeaverAware bean 'entityManagerFactory': Error creating bean with name 'liquibase' defined in class path resource [org/springframework/boot/liquibase/autoconfigure/LiquibaseAutoConfiguration$LiquibaseConfiguration.class]: liquibase.exception.DatabaseException: com.mysql.cj.jdbc.exceptions.CommunicationsException: Communications link failure

The last packet sent successfully to the server was 0 milliseconds ago. The driver has not received any packets from the server.
	at org.springframework.beans.factory.support.AbstractBeanFactory.doGetBean(AbstractBeanFactory.java:322) ~[spring-beans-7.0.7.jar!/:7.0.7]
	at org.springframework.beans.factory.support.AbstractBeanFactory.getBean(AbstractBeanFactory.java:201) ~[spring-beans-7.0.7.jar!/:7.0.7]
	at org.springframework.context.support.AbstractApplicationContext.finishBeanFactoryInitialization(AbstractApplicationContext.java:977) ~[spring-context-7.0.7.jar!/:7.0.7]
	at org.springframework.context.support.AbstractApplicationContext.refresh(AbstractApplicationContext.java:621) ~[spring-context-7.0.7.jar!/:7.0.7]
	at org.springframework.boot.web.server.servlet.context.ServletWebServerApplicationContext.refresh(ServletWebServerApplicationContext.java:143) ~[spring-boot-web-server-4.0.6.jar!/:4.0.6]
	at org.springframework.boot.SpringApplication.refresh(SpringApplication.java:756) ~[spring-boot-4.0.6.jar!/:4.0.6]
	at org.springframework.boot.SpringApplication.refreshContext(SpringApplication.java:445) ~[spring-boot-4.0.6.jar!/:4.0.6]
	at org.springframework.boot.SpringApplication.run(SpringApplication.java:321) ~[spring-boot-4.0.6.jar!/:4.0.6]
	at org.springframework.boot.SpringApplication.run(SpringApplication.java:1365) ~[spring-boot-4.0.6.jar!/:4.0.6]
	at org.springframework.boot.SpringApplication.run(SpringApplication.java:1354) ~[spring-boot-4.0.6.jar!/:4.0.6]
	at com.tienda.pedido.PedidoApplication.main(PedidoApplication.java:13) ~[!/:0.0.1-SNAPSHOT]
	at java.base/jdk.internal.reflect.DirectMethodHandleAccessor.invoke(Unknown Source) ~[na:na]
	at java.base/java.lang.reflect.Method.invoke(Unknown Source) ~[na:na]
	at org.springframework.boot.loader.launch.Launcher.launch(Launcher.java:106) ~[app.jar:0.0.1-SNAPSHOT]
	at org.springframework.boot.loader.launch.Launcher.launch(Launcher.java:64) ~[app.jar:0.0.1-SNAPSHOT]
	at org.springframework.boot.loader.launch.JarLauncher.main(JarLauncher.java:40) ~[app.jar:0.0.1-SNAPSHOT]
Caused by: org.springframework.beans.factory.BeanCreationException: Error creating bean with name 'liquibase' defined in class path resource [org/springframework/boot/liquibase/autoconfigure/LiquibaseAutoConfiguration$LiquibaseConfiguration.class]: liquibase.exception.DatabaseException: com.mysql.cj.jdbc.exceptions.CommunicationsException: Communications link failure

The last packet sent successfully to the server was 0 milliseconds ago. The driver has not received any packets from the server.
	at org.springframework.beans.factory.support.AbstractAutowireCapableBeanFactory.initializeBean(AbstractAutowireCapableBeanFactory.java:1817) ~[spring-beans-7.0.7.jar!/:7.0.7]
	at org.springframework.beans.factory.support.AbstractAutowireCapableBeanFactory.doCreateBean(AbstractAutowireCapableBeanFactory.java:603) ~[spring-beans-7.0.7.jar!/:7.0.7]
	at org.springframework.beans.factory.support.AbstractAutowireCapableBeanFactory.createBean(AbstractAutowireCapableBeanFactory.java:525) ~[spring-beans-7.0.7.jar!/:7.0.7]
	at org.springframework.beans.factory.support.AbstractBeanFactory.lambda$doGetBean$0(AbstractBeanFactory.java:333) ~[spring-beans-7.0.7.jar!/:7.0.7]
	at org.springframework.beans.factory.support.DefaultSingletonBeanRegistry.getSingleton(DefaultSingletonBeanRegistry.java:371) ~[spring-beans-7.0.7.jar!/:7.0.7]
	at org.springframework.beans.factory.support.AbstractBeanFactory.doGetBean(AbstractBeanFactory.java:331) ~[spring-beans-7.0.7.jar!/:7.0.7]
	at org.springframework.beans.factory.support.AbstractBeanFactory.getBean(AbstractBeanFactory.java:196) ~[spring-beans-7.0.7.jar!/:7.0.7]
	at org.springframework.beans.factory.support.AbstractBeanFactory.doGetBean(AbstractBeanFactory.java:309) ~[spring-beans-7.0.7.jar!/:7.0.7]
	... 15 common frames omitted
Caused by: liquibase.exception.LiquibaseException: liquibase.exception.DatabaseException: com.mysql.cj.jdbc.exceptions.CommunicationsException: Communications link failure

The last packet sent successfully to the server was 0 milliseconds ago. The driver has not received any packets from the server.
	at liquibase.integration.spring.SpringLiquibase.afterPropertiesSet(SpringLiquibase.java:289) ~[liquibase-core-5.0.2.jar!/:na]
	at org.springframework.beans.factory.support.AbstractAutowireCapableBeanFactory.invokeInitMethods(AbstractAutowireCapableBeanFactory.java:1864) ~[spring-beans-7.0.7.jar!/:7.0.7]
	at org.springframework.beans.factory.support.AbstractAutowireCapableBeanFactory.initializeBean(AbstractAutowireCapableBeanFactory.java:1813) ~[spring-beans-7.0.7.jar!/:7.0.7]
	... 22 common frames omitted
Caused by: liquibase.exception.DatabaseException: com.mysql.cj.jdbc.exceptions.CommunicationsException: Communications link failure

The last packet sent successfully to the server was 0 milliseconds ago. The driver has not received any packets from the server.
	at liquibase.integration.spring.SpringLiquibase.lambda$afterPropertiesSet$0(SpringLiquibase.java:281) ~[liquibase-core-5.0.2.jar!/:na]
	at liquibase.Scope.lambda$child$0(Scope.java:241) ~[liquibase-core-5.0.2.jar!/:na]
	at liquibase.Scope.child(Scope.java:250) ~[liquibase-core-5.0.2.jar!/:na]
	at liquibase.Scope.child(Scope.java:240) ~[liquibase-core-5.0.2.jar!/:na]
	at liquibase.Scope.child(Scope.java:219) ~[liquibase-core-5.0.2.jar!/:na]
	at liquibase.integration.spring.SpringLiquibase.afterPropertiesSet(SpringLiquibase.java:272) ~[liquibase-core-5.0.2.jar!/:na]
	... 24 common frames omitted
Caused by: com.mysql.cj.jdbc.exceptions.CommunicationsException: Communications link failure

The last packet sent successfully to the server was 0 milliseconds ago. The driver has not received any packets from the server.
	at com.mysql.cj.jdbc.exceptions.SQLError.createCommunicationsException(SQLError.java:165) ~[mysql-connector-j-9.7.0.jar!/:9.7.0]
	at com.mysql.cj.jdbc.exceptions.SQLExceptionsMapping.translateException(SQLExceptionsMapping.java:55) ~[mysql-connector-j-9.7.0.jar!/:9.7.0]
	at com.mysql.cj.jdbc.ConnectionImpl.createNewIO(ConnectionImpl.java:840) ~[mysql-connector-j-9.7.0.jar!/:9.7.0]
	at com.mysql.cj.jdbc.ConnectionImpl.<init>(ConnectionImpl.java:416) ~[mysql-connector-j-9.7.0.jar!/:9.7.0]
	at com.mysql.cj.jdbc.ConnectionImpl.getInstance(ConnectionImpl.java:237) ~[mysql-connector-j-9.7.0.jar!/:9.7.0]
	at com.mysql.cj.jdbc.NonRegisteringDriver.connect(NonRegisteringDriver.java:180) ~[mysql-connector-j-9.7.0.jar!/:9.7.0]
	at com.zaxxer.hikari.util.DriverDataSource.getConnection(DriverDataSource.java:144) ~[HikariCP-7.0.2.jar!/:na]
	at com.zaxxer.hikari.pool.PoolBase.newConnection(PoolBase.java:373) ~[HikariCP-7.0.2.jar!/:na]
	at com.zaxxer.hikari.pool.PoolBase.newPoolEntry(PoolBase.java:210) ~[HikariCP-7.0.2.jar!/:na]
	at com.zaxxer.hikari.pool.HikariPool.createPoolEntry(HikariPool.java:488) ~[HikariCP-7.0.2.jar!/:na]
	at com.zaxxer.hikari.pool.HikariPool.checkFailFast(HikariPool.java:576) ~[HikariCP-7.0.2.jar!/:na]
	at com.zaxxer.hikari.pool.HikariPool.<init>(HikariPool.java:97) ~[HikariCP-7.0.2.jar!/:na]
	at com.zaxxer.hikari.HikariDataSource.getConnection(HikariDataSource.java:111) ~[HikariCP-7.0.2.jar!/:na]
	at liquibase.integration.spring.SpringLiquibase.lambda$afterPropertiesSet$0(SpringLiquibase.java:276) ~[liquibase-core-5.0.2.jar!/:na]
	... 29 common frames omitted
Caused by: com.mysql.cj.exceptions.CJCommunicationsException: Communications link failure

The last packet sent successfully to the server was 0 milliseconds ago. The driver has not received any packets from the server.
	at java.base/jdk.internal.reflect.DirectConstructorHandleAccessor.newInstance(Unknown Source) ~[na:na]
	at java.base/java.lang.reflect.Constructor.newInstanceWithCaller(Unknown Source) ~[na:na]
	at java.base/java.lang.reflect.Constructor.newInstance(Unknown Source) ~[na:na]
	at com.mysql.cj.exceptions.ExceptionFactory.createException(ExceptionFactory.java:52) ~[mysql-connector-j-9.7.0.jar!/:9.7.0]
	at com.mysql.cj.exceptions.ExceptionFactory.createException(ExceptionFactory.java:95) ~[mysql-connector-j-9.7.0.jar!/:9.7.0]
	at com.mysql.cj.exceptions.ExceptionFactory.createException(ExceptionFactory.java:140) ~[mysql-connector-j-9.7.0.jar!/:9.7.0]
	at com.mysql.cj.exceptions.ExceptionFactory.createCommunicationsException(ExceptionFactory.java:156) ~[mysql-connector-j-9.7.0.jar!/:9.7.0]
	at com.mysql.cj.protocol.a.NativeSocketConnection.connect(NativeSocketConnection.java:79) ~[mysql-connector-j-9.7.0.jar!/:9.7.0]
	at com.mysql.cj.NativeSession.connect(NativeSession.java:142) ~[mysql-connector-j-9.7.0.jar!/:9.7.0]
	at com.mysql.cj.jdbc.ConnectionImpl.connectOneTryOnly(ConnectionImpl.java:964) ~[mysql-connector-j-9.7.0.jar!/:9.7.0]
	at com.mysql.cj.jdbc.ConnectionImpl.createNewIO(ConnectionImpl.java:828) ~[mysql-connector-j-9.7.0.jar!/:9.7.0]
	... 40 common frames omitted
Caused by: java.net.ConnectException: Connection refused
	at java.base/sun.nio.ch.Net.pollConnect(Native Method) ~[na:na]
	at java.base/sun.nio.ch.Net.pollConnectNow(Unknown Source) ~[na:na]
	at java.base/sun.nio.ch.NioSocketImpl.timedFinishConnect(Unknown Source) ~[na:na]
	at java.base/sun.nio.ch.NioSocketImpl.connect(Unknown Source) ~[na:na]
	at java.base/java.net.SocksSocketImpl.connect(Unknown Source) ~[na:na]
	at java.base/java.net.Socket.connect(Unknown Source) ~[na:na]
	at com.mysql.cj.protocol.StandardSocketFactory.connect(StandardSocketFactory.java:144) ~[mysql-connector-j-9.7.0.jar!/:9.7.0]
	at com.mysql.cj.protocol.a.NativeSocketConnection.connect(NativeSocketConnection.java:53) ~[mysql-connector-j-9.7.0.jar!/:9.7.0]
	... 43 common frames omitted

2026-07-13T16:10:51.218Z  INFO 1 --- [ms-pedido] [main] com.tienda.pedido.PedidoApplication      : Starting PedidoApplication v0.0.1-SNAPSHOT using Java 21.0.11 with PID 1 (/app.jar started by root in /)
2026-07-13T16:10:51.275Z  INFO 1 --- [ms-pedido] [main] com.tienda.pedido.PedidoApplication      : No active profile set, falling back to 1 default profile: "default"
2026-07-13T16:11:02.959Z  INFO 1 --- [ms-pedido] [main] .s.d.r.c.RepositoryConfigurationDelegate : Bootstrapping Spring Data JPA repositories in DEFAULT mode.
2026-07-13T16:11:03.348Z  INFO 1 --- [ms-pedido] [main] .s.d.r.c.RepositoryConfigurationDelegate : Finished Spring Data repository scanning in 235 ms. Found 1 JPA repository interface.
2026-07-13T16:11:05.083Z  INFO 1 --- [ms-pedido] [main] o.s.cloud.context.scope.GenericScope     : BeanFactory id=e4260647-249d-314d-800d-0a3811eb12d5
2026-07-13T16:11:07.874Z  INFO 1 --- [ms-pedido] [main] o.s.boot.tomcat.TomcatWebServer          : Tomcat initialized with port 8085 (http)
2026-07-13T16:11:07.957Z  INFO 1 --- [ms-pedido] [main] o.apache.catalina.core.StandardService   : Starting service [Tomcat]
2026-07-13T16:11:07.999Z  INFO 1 --- [ms-pedido] [main] o.apache.catalina.core.StandardEngine    : Starting Servlet engine: [Apache Tomcat/11.0.21]
2026-07-13T16:11:08.171Z  INFO 1 --- [ms-pedido] [main] b.w.c.s.WebApplicationContextInitializer : Root WebApplicationContext: initialization completed in 16235 ms
2026-07-13T16:11:09.055Z  INFO 1 --- [ms-pedido] [main] com.zaxxer.hikari.HikariDataSource       : HikariPool-1 - Starting...
2026-07-13T16:11:10.962Z  WARN 1 --- [ms-pedido] [main] ConfigServletWebServerApplicationContext : Exception encountered during context initialization - cancelling refresh attempt: org.springframework.beans.factory.BeanCreationException: Error creating bean with name 'entityManagerFactory' defined in class path resource [org/springframework/boot/hibernate/autoconfigure/HibernateJpaConfiguration.class]: Failed to initialize dependency 'liquibase' of LoadTimeWeaverAware bean 'entityManagerFactory': Error creating bean with name 'liquibase' defined in class path resource [org/springframework/boot/liquibase/autoconfigure/LiquibaseAutoConfiguration$LiquibaseConfiguration.class]: liquibase.exception.DatabaseException: com.mysql.cj.jdbc.exceptions.CommunicationsException: Communications link failure

The last packet sent successfully to the server was 0 milliseconds ago. The driver has not received any packets from the server.
2026-07-13T16:11:10.999Z  INFO 1 --- [ms-pedido] [main] o.apache.catalina.core.StandardService   : Stopping service [Tomcat]
2026-07-13T16:11:11.094Z  INFO 1 --- [ms-pedido] [main] .s.b.a.l.ConditionEvaluationReportLogger : 

Error starting ApplicationContext. To display the condition evaluation report re-run your application with 'debug' enabled.
2026-07-13T16:11:11.268Z ERROR 1 --- [ms-pedido] [main] o.s.boot.SpringApplication               : Application run failed

org.springframework.beans.factory.BeanCreationException: Error creating bean with name 'entityManagerFactory' defined in class path resource [org/springframework/boot/hibernate/autoconfigure/HibernateJpaConfiguration.class]: Failed to initialize dependency 'liquibase' of LoadTimeWeaverAware bean 'entityManagerFactory': Error creating bean with name 'liquibase' defined in class path resource [org/springframework/boot/liquibase/autoconfigure/LiquibaseAutoConfiguration$LiquibaseConfiguration.class]: liquibase.exception.DatabaseException: com.mysql.cj.jdbc.exceptions.CommunicationsException: Communications link failure

The last packet sent successfully to the server was 0 milliseconds ago. The driver has not received any packets from the server.
	at org.springframework.beans.factory.support.AbstractBeanFactory.doGetBean(AbstractBeanFactory.java:322) ~[spring-beans-7.0.7.jar!/:7.0.7]
	at org.springframework.beans.factory.support.AbstractBeanFactory.getBean(AbstractBeanFactory.java:201) ~[spring-beans-7.0.7.jar!/:7.0.7]
	at org.springframework.context.support.AbstractApplicationContext.finishBeanFactoryInitialization(AbstractApplicationContext.java:977) ~[spring-context-7.0.7.jar!/:7.0.7]
	at org.springframework.context.support.AbstractApplicationContext.refresh(AbstractApplicationContext.java:621) ~[spring-context-7.0.7.jar!/:7.0.7]
	at org.springframework.boot.web.server.servlet.context.ServletWebServerApplicationContext.refresh(ServletWebServerApplicationContext.java:143) ~[spring-boot-web-server-4.0.6.jar!/:4.0.6]
	at org.springframework.boot.SpringApplication.refresh(SpringApplication.java:756) ~[spring-boot-4.0.6.jar!/:4.0.6]
	at org.springframework.boot.SpringApplication.refreshContext(SpringApplication.java:445) ~[spring-boot-4.0.6.jar!/:4.0.6]
	at org.springframework.boot.SpringApplication.run(SpringApplication.java:321) ~[spring-boot-4.0.6.jar!/:4.0.6]
	at org.springframework.boot.SpringApplication.run(SpringApplication.java:1365) ~[spring-boot-4.0.6.jar!/:4.0.6]
	at org.springframework.boot.SpringApplication.run(SpringApplication.java:1354) ~[spring-boot-4.0.6.jar!/:4.0.6]
	at com.tienda.pedido.PedidoApplication.main(PedidoApplication.java:13) ~[!/:0.0.1-SNAPSHOT]
	at java.base/jdk.internal.reflect.DirectMethodHandleAccessor.invoke(Unknown Source) ~[na:na]
	at java.base/java.lang.reflect.Method.invoke(Unknown Source) ~[na:na]
	at org.springframework.boot.loader.launch.Launcher.launch(Launcher.java:106) ~[app.jar:0.0.1-SNAPSHOT]
	at org.springframework.boot.loader.launch.Launcher.launch(Launcher.java:64) ~[app.jar:0.0.1-SNAPSHOT]
	at org.springframework.boot.loader.launch.JarLauncher.main(JarLauncher.java:40) ~[app.jar:0.0.1-SNAPSHOT]
Caused by: org.springframework.beans.factory.BeanCreationException: Error creating bean with name 'liquibase' defined in class path resource [org/springframework/boot/liquibase/autoconfigure/LiquibaseAutoConfiguration$LiquibaseConfiguration.class]: liquibase.exception.DatabaseException: com.mysql.cj.jdbc.exceptions.CommunicationsException: Communications link failure

The last packet sent successfully to the server was 0 milliseconds ago. The driver has not received any packets from the server.
	at org.springframework.beans.factory.support.AbstractAutowireCapableBeanFactory.initializeBean(AbstractAutowireCapableBeanFactory.java:1817) ~[spring-beans-7.0.7.jar!/:7.0.7]
	at org.springframework.beans.factory.support.AbstractAutowireCapableBeanFactory.doCreateBean(AbstractAutowireCapableBeanFactory.java:603) ~[spring-beans-7.0.7.jar!/:7.0.7]
	at org.springframework.beans.factory.support.AbstractAutowireCapableBeanFactory.createBean(AbstractAutowireCapableBeanFactory.java:525) ~[spring-beans-7.0.7.jar!/:7.0.7]
	at org.springframework.beans.factory.support.AbstractBeanFactory.lambda$doGetBean$0(AbstractBeanFactory.java:333) ~[spring-beans-7.0.7.jar!/:7.0.7]
	at org.springframework.beans.factory.support.DefaultSingletonBeanRegistry.getSingleton(DefaultSingletonBeanRegistry.java:371) ~[spring-beans-7.0.7.jar!/:7.0.7]
	at org.springframework.beans.factory.support.AbstractBeanFactory.doGetBean(AbstractBeanFactory.java:331) ~[spring-beans-7.0.7.jar!/:7.0.7]
	at org.springframework.beans.factory.support.AbstractBeanFactory.getBean(AbstractBeanFactory.java:196) ~[spring-beans-7.0.7.jar!/:7.0.7]
	at org.springframework.beans.factory.support.AbstractBeanFactory.doGetBean(AbstractBeanFactory.java:309) ~[spring-beans-7.0.7.jar!/:7.0.7]
	... 15 common frames omitted
Caused by: liquibase.exception.LiquibaseException: liquibase.exception.DatabaseException: com.mysql.cj.jdbc.exceptions.CommunicationsException: Communications link failure

The last packet sent successfully to the server was 0 milliseconds ago. The driver has not received any packets from the server.
	at liquibase.integration.spring.SpringLiquibase.afterPropertiesSet(SpringLiquibase.java:289) ~[liquibase-core-5.0.2.jar!/:na]
	at org.springframework.beans.factory.support.AbstractAutowireCapableBeanFactory.invokeInitMethods(AbstractAutowireCapableBeanFactory.java:1864) ~[spring-beans-7.0.7.jar!/:7.0.7]
	at org.springframework.beans.factory.support.AbstractAutowireCapableBeanFactory.initializeBean(AbstractAutowireCapableBeanFactory.java:1813) ~[spring-beans-7.0.7.jar!/:7.0.7]
	... 22 common frames omitted
Caused by: liquibase.exception.DatabaseException: com.mysql.cj.jdbc.exceptions.CommunicationsException: Communications link failure

The last packet sent successfully to the server was 0 milliseconds ago. The driver has not received any packets from the server.
	at liquibase.integration.spring.SpringLiquibase.lambda$afterPropertiesSet$0(SpringLiquibase.java:281) ~[liquibase-core-5.0.2.jar!/:na]
	at liquibase.Scope.lambda$child$0(Scope.java:241) ~[liquibase-core-5.0.2.jar!/:na]
	at liquibase.Scope.child(Scope.java:250) ~[liquibase-core-5.0.2.jar!/:na]
	at liquibase.Scope.child(Scope.java:240) ~[liquibase-core-5.0.2.jar!/:na]
	at liquibase.Scope.child(Scope.java:219) ~[liquibase-core-5.0.2.jar!/:na]
	at liquibase.integration.spring.SpringLiquibase.afterPropertiesSet(SpringLiquibase.java:272) ~[liquibase-core-5.0.2.jar!/:na]
	... 24 common frames omitted
Caused by: com.mysql.cj.jdbc.exceptions.CommunicationsException: Communications link failure

The last packet sent successfully to the server was 0 milliseconds ago. The driver has not received any packets from the server.
	at com.mysql.cj.jdbc.exceptions.SQLError.createCommunicationsException(SQLError.java:165) ~[mysql-connector-j-9.7.0.jar!/:9.7.0]
	at com.mysql.cj.jdbc.exceptions.SQLExceptionsMapping.translateException(SQLExceptionsMapping.java:55) ~[mysql-connector-j-9.7.0.jar!/:9.7.0]
	at com.mysql.cj.jdbc.ConnectionImpl.createNewIO(ConnectionImpl.java:840) ~[mysql-connector-j-9.7.0.jar!/:9.7.0]
	at com.mysql.cj.jdbc.ConnectionImpl.<init>(ConnectionImpl.java:416) ~[mysql-connector-j-9.7.0.jar!/:9.7.0]
	at com.mysql.cj.jdbc.ConnectionImpl.getInstance(ConnectionImpl.java:237) ~[mysql-connector-j-9.7.0.jar!/:9.7.0]
	at com.mysql.cj.jdbc.NonRegisteringDriver.connect(NonRegisteringDriver.java:180) ~[mysql-connector-j-9.7.0.jar!/:9.7.0]
	at com.zaxxer.hikari.util.DriverDataSource.getConnection(DriverDataSource.java:144) ~[HikariCP-7.0.2.jar!/:na]
	at com.zaxxer.hikari.pool.PoolBase.newConnection(PoolBase.java:373) ~[HikariCP-7.0.2.jar!/:na]
	at com.zaxxer.hikari.pool.PoolBase.newPoolEntry(PoolBase.java:210) ~[HikariCP-7.0.2.jar!/:na]
	at com.zaxxer.hikari.pool.HikariPool.createPoolEntry(HikariPool.java:488) ~[HikariCP-7.0.2.jar!/:na]
	at com.zaxxer.hikari.pool.HikariPool.checkFailFast(HikariPool.java:576) ~[HikariCP-7.0.2.jar!/:na]
	at com.zaxxer.hikari.pool.HikariPool.<init>(HikariPool.java:97) ~[HikariCP-7.0.2.jar!/:na]
	at com.zaxxer.hikari.HikariDataSource.getConnection(HikariDataSource.java:111) ~[HikariCP-7.0.2.jar!/:na]
	at liquibase.integration.spring.SpringLiquibase.lambda$afterPropertiesSet$0(SpringLiquibase.java:276) ~[liquibase-core-5.0.2.jar!/:na]
	... 29 common frames omitted
Caused by: com.mysql.cj.exceptions.CJCommunicationsException: Communications link failure

The last packet sent successfully to the server was 0 milliseconds ago. The driver has not received any packets from the server.
	at java.base/jdk.internal.reflect.DirectConstructorHandleAccessor.newInstance(Unknown Source) ~[na:na]
	at java.base/java.lang.reflect.Constructor.newInstanceWithCaller(Unknown Source) ~[na:na]
	at java.base/java.lang.reflect.Constructor.newInstance(Unknown Source) ~[na:na]
	at com.mysql.cj.exceptions.ExceptionFactory.createException(ExceptionFactory.java:52) ~[mysql-connector-j-9.7.0.jar!/:9.7.0]
	at com.mysql.cj.exceptions.ExceptionFactory.createException(ExceptionFactory.java:95) ~[mysql-connector-j-9.7.0.jar!/:9.7.0]
	at com.mysql.cj.exceptions.ExceptionFactory.createException(ExceptionFactory.java:140) ~[mysql-connector-j-9.7.0.jar!/:9.7.0]
	at com.mysql.cj.exceptions.ExceptionFactory.createCommunicationsException(ExceptionFactory.java:156) ~[mysql-connector-j-9.7.0.jar!/:9.7.0]
	at com.mysql.cj.protocol.a.NativeSocketConnection.connect(NativeSocketConnection.java:79) ~[mysql-connector-j-9.7.0.jar!/:9.7.0]
	at com.mysql.cj.NativeSession.connect(NativeSession.java:142) ~[mysql-connector-j-9.7.0.jar!/:9.7.0]
	at com.mysql.cj.jdbc.ConnectionImpl.connectOneTryOnly(ConnectionImpl.java:964) ~[mysql-connector-j-9.7.0.jar!/:9.7.0]
	at com.mysql.cj.jdbc.ConnectionImpl.createNewIO(ConnectionImpl.java:828) ~[mysql-connector-j-9.7.0.jar!/:9.7.0]
	... 40 common frames omitted
Caused by: java.net.ConnectException: Connection refused
	at java.base/sun.nio.ch.Net.pollConnect(Native Method) ~[na:na]
	at java.base/sun.nio.ch.Net.pollConnectNow(Unknown Source) ~[na:na]
	at java.base/sun.nio.ch.NioSocketImpl.timedFinishConnect(Unknown Source) ~[na:na]
	at java.base/sun.nio.ch.NioSocketImpl.connect(Unknown Source) ~[na:na]
	at java.base/java.net.SocksSocketImpl.connect(Unknown Source) ~[na:na]
	at java.base/java.net.Socket.connect(Unknown Source) ~[na:na]
	at com.mysql.cj.protocol.StandardSocketFactory.connect(StandardSocketFactory.java:144) ~[mysql-connector-j-9.7.0.jar!/:9.7.0]
	at com.mysql.cj.protocol.a.NativeSocketConnection.connect(NativeSocketConnection.java:53) ~[mysql-connector-j-9.7.0.jar!/:9.7.0]
	... 43 common frames omitted

2026-07-13T16:11:23.111Z  INFO 1 --- [ms-pedido] [main] com.tienda.pedido.PedidoApplication      : Starting PedidoApplication v0.0.1-SNAPSHOT using Java 21.0.11 with PID 1 (/app.jar started by root in /)
2026-07-13T16:11:23.157Z  INFO 1 --- [ms-pedido] [main] com.tienda.pedido.PedidoApplication      : No active profile set, falling back to 1 default profile: "default"
2026-07-13T16:11:33.517Z  INFO 1 --- [ms-pedido] [main] .s.d.r.c.RepositoryConfigurationDelegate : Bootstrapping Spring Data JPA repositories in DEFAULT mode.
2026-07-13T16:11:33.837Z  INFO 1 --- [ms-pedido] [main] .s.d.r.c.RepositoryConfigurationDelegate : Finished Spring Data repository scanning in 238 ms. Found 1 JPA repository interface.
2026-07-13T16:11:36.448Z  INFO 1 --- [ms-pedido] [main] o.s.cloud.context.scope.GenericScope     : BeanFactory id=e4260647-249d-314d-800d-0a3811eb12d5
2026-07-13T16:11:39.887Z  INFO 1 --- [ms-pedido] [main] o.s.boot.tomcat.TomcatWebServer          : Tomcat initialized with port 8085 (http)
2026-07-13T16:11:39.932Z  INFO 1 --- [ms-pedido] [main] o.apache.catalina.core.StandardService   : Starting service [Tomcat]
2026-07-13T16:11:39.934Z  INFO 1 --- [ms-pedido] [main] o.apache.catalina.core.StandardEngine    : Starting Servlet engine: [Apache Tomcat/11.0.21]
2026-07-13T16:11:40.093Z  INFO 1 --- [ms-pedido] [main] b.w.c.s.WebApplicationContextInitializer : Root WebApplicationContext: initialization completed in 16030 ms
2026-07-13T16:11:41.615Z  INFO 1 --- [ms-pedido] [main] com.zaxxer.hikari.HikariDataSource       : HikariPool-1 - Starting...
2026-07-13T16:11:44.160Z  INFO 1 --- [ms-pedido] [main] com.zaxxer.hikari.pool.HikariPool        : HikariPool-1 - Added connection com.mysql.cj.jdbc.ConnectionImpl@165d1d54
2026-07-13T16:11:44.179Z  INFO 1 --- [ms-pedido] [main] com.zaxxer.hikari.HikariDataSource       : HikariPool-1 - Start completed.
2026-07-13T16:11:48.931Z  INFO 1 --- [ms-pedido] [main] liquibase.changelog                      : Creating database changelog table with name: tienda_pedido.DATABASECHANGELOG
2026-07-13T16:11:49.577Z  INFO 1 --- [ms-pedido] [main] liquibase.changelog                      : Reading from tienda_pedido.DATABASECHANGELOG
2026-07-13T16:11:49.681Z  INFO 1 --- [ms-pedido] [main] liquibase.snapshot                       : Creating snapshot
2026-07-13T16:11:51.821Z  INFO 1 --- [ms-pedido] [main] liquibase.lockservice                    : Successfully acquired change log lock
2026-07-13T16:11:51.828Z  INFO 1 --- [ms-pedido] [main] liquibase.command                        : Using deploymentId: 3959101557
2026-07-13T16:11:51.839Z  INFO 1 --- [ms-pedido] [main] liquibase.changelog                      : Reading from tienda_pedido.DATABASECHANGELOG
2026-07-13T16:11:52.002Z  INFO 1 --- [ms-pedido] [main] liquibase.ui                             : Running Changeset: db/changelog/db.changelog-master.xml::1::proyecto_tienda
2026-07-13T16:11:52.135Z  INFO 1 --- [ms-pedido] [main] liquibase.changelog                      : Table pedido created
2026-07-13T16:11:52.167Z  INFO 1 --- [ms-pedido] [main] liquibase.changelog                      : ChangeSet db/changelog/db.changelog-master.xml::1::proyecto_tienda ran successfully in 137ms
2026-07-13T16:11:52.289Z  INFO 1 --- [ms-pedido] [main] liquibase.ui                             : Running Changeset: db/changelog/db.changelog-master.xml::3::proyecto_tienda
2026-07-13T16:11:52.310Z  INFO 1 --- [ms-pedido] [main] liquibase.changelog                      : New row inserted into pedido
2026-07-13T16:11:52.325Z  INFO 1 --- [ms-pedido] [main] liquibase.changelog                      : New row inserted into pedido
2026-07-13T16:11:52.335Z  INFO 1 --- [ms-pedido] [main] liquibase.changelog                      : New row inserted into pedido
2026-07-13T16:11:52.347Z  INFO 1 --- [ms-pedido] [main] liquibase.changelog                      : New row inserted into pedido
2026-07-13T16:11:52.363Z  INFO 1 --- [ms-pedido] [main] liquibase.changelog                      : New row inserted into pedido
2026-07-13T16:11:52.384Z  INFO 1 --- [ms-pedido] [main] liquibase.changelog                      : New row inserted into pedido
2026-07-13T16:11:52.400Z  INFO 1 --- [ms-pedido] [main] liquibase.changelog                      : New row inserted into pedido
2026-07-13T16:11:52.415Z  INFO 1 --- [ms-pedido] [main] liquibase.changelog                      : New row inserted into pedido
2026-07-13T16:11:52.428Z  INFO 1 --- [ms-pedido] [main] liquibase.changelog                      : New row inserted into pedido
2026-07-13T16:11:52.438Z  INFO 1 --- [ms-pedido] [main] liquibase.changelog                      : New row inserted into pedido
2026-07-13T16:11:52.460Z  INFO 1 --- [ms-pedido] [main] liquibase.changelog                      : ChangeSet db/changelog/db.changelog-master.xml::3::proyecto_tienda ran successfully in 166ms
2026-07-13T16:11:52.532Z  INFO 1 --- [ms-pedido] [main] liquibase.util                           : UPDATE SUMMARY
2026-07-13T16:11:52.537Z  INFO 1 --- [ms-pedido] [main] liquibase.util                           : Run:                          2
2026-07-13T16:11:52.539Z  INFO 1 --- [ms-pedido] [main] liquibase.util                           : Previously run:               0
2026-07-13T16:11:52.541Z  INFO 1 --- [ms-pedido] [main] liquibase.util                           : Filtered out:                 0
2026-07-13T16:11:52.545Z  INFO 1 --- [ms-pedido] [main] liquibase.util                           : -------------------------------
2026-07-13T16:11:52.549Z  INFO 1 --- [ms-pedido] [main] liquibase.util                           : Total change sets:            2
2026-07-13T16:11:52.554Z  INFO 1 --- [ms-pedido] [main] liquibase.util                           : Update summary generated
2026-07-13T16:11:52.569Z  INFO 1 --- [ms-pedido] [main] liquibase.command                        : Update command completed successfully.
2026-07-13T16:11:52.574Z  INFO 1 --- [ms-pedido] [main] liquibase.ui                             : Liquibase: Update has been successful. Rows affected: 10
2026-07-13T16:11:52.608Z  INFO 1 --- [ms-pedido] [main] liquibase.lockservice                    : Successfully released change log lock
2026-07-13T16:11:52.616Z  INFO 1 --- [ms-pedido] [main] liquibase.command                        : Command execution complete
2026-07-13T16:11:52.942Z  INFO 1 --- [ms-pedido] [main] org.hibernate.orm.jpa                    : HHH008540: Processing PersistenceUnitInfo [name: default]
2026-07-13T16:11:53.158Z  INFO 1 --- [ms-pedido] [main] org.hibernate.orm.core                   : HHH000001: Hibernate ORM core version 7.2.12.Final
2026-07-13T16:11:55.458Z  INFO 1 --- [ms-pedido] [main] o.s.o.j.p.SpringPersistenceUnitInfo      : No LoadTimeWeaver setup: ignoring JPA class transformer
2026-07-13T16:11:55.788Z  INFO 1 --- [ms-pedido] [main] org.hibernate.orm.connections.pooling    : HHH10001005: Database info:
	Database JDBC URL [jdbc:mysql://mysql:3306/tienda_pedido?createDatabaseIfNotExist=true]
	Database driver: MySQL Connector/J
	Database dialect: MySQLDialect
	Database version: 8.4.10
	Default catalog/schema: tienda_pedido/undefined
	Autocommit mode: undefined/unknown
	Isolation level: REPEATABLE_READ [default REPEATABLE_READ]
	JDBC fetch size: none
	Pool: DataSourceConnectionProvider
	Minimum pool size: undefined/unknown
	Maximum pool size: undefined/unknown
2026-07-13T16:11:59.212Z  INFO 1 --- [ms-pedido] [main] org.hibernate.orm.core                   : HHH000489: No JTA platform available (set 'hibernate.transaction.jta.platform' to enable JTA platform integration)
2026-07-13T16:11:59.265Z  INFO 1 --- [ms-pedido] [main] j.LocalContainerEntityManagerFactoryBean : Initialized JPA EntityManagerFactory for persistence unit 'default'
2026-07-13T16:11:59.570Z  INFO 1 --- [ms-pedido] [main] o.s.d.j.r.query.QueryEnhancerFactories   : Hibernate is in classpath; If applicable, HQL parser will be used.
2026-07-13T16:12:00.873Z  WARN 1 --- [ms-pedido] [main] JpaBaseConfiguration$JpaWebConfiguration : spring.jpa.open-in-view is enabled by default. Therefore, database queries may be performed during view rendering. Explicitly configure spring.jpa.open-in-view to disable this warning
2026-07-13T16:12:01.381Z  WARN 1 --- [ms-pedido] [main] .s.a.UserDetailsServiceAutoConfiguration : 

Using generated security password: 23f5c888-5e13-436d-9f28-699f61e442a2

This generated password is for development use only. Your security configuration must be updated before running your application in production.

2026-07-13T16:12:01.416Z  INFO 1 --- [ms-pedido] [main] r$InitializeUserDetailsManagerConfigurer : Global AuthenticationManager configured with UserDetailsService bean with name inMemoryUserDetailsManager
2026-07-13T16:12:03.163Z  INFO 1 --- [ms-pedido] [main] o.s.boot.tomcat.TomcatWebServer          : Tomcat started on port 8085 (http) with context path '/'
2026-07-13T16:12:03.194Z  INFO 1 --- [ms-pedido] [main] com.tienda.pedido.PedidoApplication      : Started PedidoApplication in 45.119 seconds (process running for 50.369)
2026-07-13T17:29:50.402Z  INFO 1 --- [ms-pedido] [SpringApplicationShutdownHook] o.s.boot.tomcat.GracefulShutdown         : Commencing graceful shutdown. Waiting for active requests to complete
2026-07-13T17:29:50.434Z  INFO 1 --- [ms-pedido] [tomcat-shutdown] o.s.boot.tomcat.GracefulShutdown         : Graceful shutdown complete
2026-07-13T17:29:50.505Z  INFO 1 --- [ms-pedido] [SpringApplicationShutdownHook] j.LocalContainerEntityManagerFactoryBean : Closing JPA EntityManagerFactory for persistence unit 'default'
2026-07-13T17:29:50.672Z  INFO 1 --- [ms-pedido] [SpringApplicationShutdownHook] com.zaxxer.hikari.HikariDataSource       : HikariPool-1 - Shutdown initiated...
2026-07-13T17:29:50.768Z  INFO 1 --- [ms-pedido] [SpringApplicationShutdownHook] com.zaxxer.hikari.HikariDataSource       : HikariPool-1 - Shutdown completed.
